c:\rookiss\cpp_server\server\gameserver\x64\debug\gameserver.pch
c:\rookiss\cpp_server\server\gameserver\x64\debug\vc142.pdb
c:\rookiss\cpp_server\server\gameserver\x64\debug\vc142.idb
c:\rookiss\cpp_server\server\gameserver\x64\debug\pch.obj
c:\rookiss\cpp_server\server\gameserver\x64\debug\serverpackethandler.obj
c:\rookiss\cpp_server\server\gameserver\x64\debug\gamesessionmanager.obj
c:\rookiss\cpp_server\server\gameserver\x64\debug\gamesession.obj
c:\rookiss\cpp_server\server\gameserver\x64\debug\gameserver.obj
c:\rookiss\cpp_server\server\gameserver\x64\debug\protocolstruct.pb.obj
c:\rookiss\cpp_server\server\gameserver\x64\debug\protocolenum.pb.obj
c:\rookiss\cpp_server\server\gameserver\x64\debug\protocol.pb.obj
c:\rookiss\cpp_server\server\gameserver\x64\debug\struct.pb.obj
c:\rookiss\cpp_server\server\gameserver\x64\debug\enum.pb.obj
c:\rookiss\cpp_server\server\binary\debug\gameserver.exe
c:\rookiss\cpp_server\server\binary\debug\gameserver.ilk
c:\rookiss\cpp_server\server\binary\debug\gameserver.pdb
c:\rookiss\cpp_server\server\gameserver\x64\debug\gameserver.tlog\cl.command.1.tlog
c:\rookiss\cpp_server\server\gameserver\x64\debug\gameserver.tlog\cl.read.1.tlog
c:\rookiss\cpp_server\server\gameserver\x64\debug\gameserver.tlog\cl.write.1.tlog
c:\rookiss\cpp_server\server\gameserver\x64\debug\gameserver.tlog\link.command.1.tlog
c:\rookiss\cpp_server\server\gameserver\x64\debug\gameserver.tlog\link.read.1.tlog
c:\rookiss\cpp_server\server\gameserver\x64\debug\gameserver.tlog\link.write.1.tlog
