C:\Program Files\Microsoft Visual Studio\2022\Community\MSBuild\Microsoft\VC\v170\Microsoft.CppClean.targets(77,5): warning : 'd:\01-git\server\cpp_server\server\servercore\x64\debug\listener.obj' 파일은 다른 프로세스에서 사용 중이므로 프로세스에서 액세스할 수 없습니다.
  pch.cpp
  Allocator.cpp
  BufferReader.cpp
  BufferWriter.cpp
  CoreGlobal.cpp
  CorePch.cpp
  CoreTLS.cpp
  DeadLockProfiler.cpp
  IocpCore.cpp
  IocpEvent.cpp
  Listener.cpp
  Lock.cpp
  Memory.cpp
  MemoryPool.cpp
  NetAddress.cpp
  ObjectPool.cpp
  RecvBuffer.cpp
  RefCounting.cpp
  SendBuffer.cpp
  Service.cpp
  Session.cpp
  코드를 생성하고 있습니다...
  컴파일하고 있습니다...
  SocketUtils.cpp
  ThreadManager.cpp
  코드를 생성하고 있습니다...
  ServerCore.vcxproj -> D:\01-git\server\CPP_Server\Server\Libraries\Libs\ServerCore\Debug\ServerCore.lib
