2023-06-10 13:04:22,991 [1] INFO  GameServer.Program - Port:8081 Server Doing. "exit" is exit
2023-06-10 13:04:22,991 [akka.actor.database-dispatcher_1] INFO  GameServer.DataBase.MySql.DbServiceCordiatorActor - DbServiceCordiatorActor poolCount:(5)
2023-06-10 13:04:22,991 [akka.actor.database-dispatcher_2] INFO  GameServer.DataBase.Redis.RedisServiceCordiatorActor - RedisServiceCordiatorActor poolCount:(1)
2023-06-10 13:04:22,991 [4] INFO  GameServer.Socket.ListenerActor - Listening on 0.0.0.0:8081
2023-06-10 13:06:32,735 [1] INFO  GameServer.Program - Port:8081 Server Doing. "exit" is exit
2023-06-10 13:06:32,735 [akka.actor.database-dispatcher_1] INFO  GameServer.DataBase.MySql.DbServiceCordiatorActor - DbServiceCordiatorActor poolCount:(5)
2023-06-10 13:06:32,735 [6] INFO  GameServer.Socket.ListenerActor - Listening on 0.0.0.0:8081
2023-06-10 13:06:32,735 [akka.actor.database-dispatcher_2] INFO  GameServer.DataBase.Redis.RedisServiceCordiatorActor - RedisServiceCordiatorActor poolCount:(1)
2023-06-10 13:08:10,238 [1] INFO  GameServer.Program - Port:8081 Server Doing. "exit" is exit
2023-06-10 13:08:10,238 [akka.actor.database-dispatcher_1] INFO  GameServer.DataBase.MySql.DbServiceCordiatorActor - DbServiceCordiatorActor poolCount:(5)
2023-06-10 13:08:10,238 [4] INFO  GameServer.Socket.ListenerActor - Listening on 0.0.0.0:8081
2023-06-10 13:08:10,238 [akka.actor.database-dispatcher_4] INFO  GameServer.DataBase.Redis.RedisServiceCordiatorActor - RedisServiceCordiatorActor poolCount:(1)
2023-06-10 13:09:02,958 [4] INFO  GameServer.Socket.ListenerActor - Listening on 0.0.0.0:8081
2023-06-10 13:09:02,958 [1] INFO  GameServer.Program - Port:8081 Server Doing. "exit" is exit
2023-06-10 13:09:02,958 [akka.actor.database-dispatcher_1] INFO  GameServer.DataBase.Redis.RedisServiceCordiatorActor - RedisServiceCordiatorActor poolCount:(1)
2023-06-10 13:09:02,958 [akka.actor.database-dispatcher_3] INFO  GameServer.DataBase.MySql.DbServiceCordiatorActor - DbServiceCordiatorActor poolCount:(5)
2023-06-10 13:17:36,968 [akka.actor.database-dispatcher_4] INFO  GameServer.DataBase.Redis.RedisServiceCordiatorActor - RedisServiceCordiatorActor poolCount:(1)
2023-06-10 13:17:36,968 [36] INFO  GameServer.Socket.ListenerActor - Listening on 0.0.0.0:8081
2023-06-10 13:17:36,968 [1] INFO  GameServer.Program - Port:8081 Server Doing. "exit" is exit
2023-06-10 13:17:36,968 [akka.actor.database-dispatcher_1] INFO  GameServer.DataBase.MySql.DbServiceCordiatorActor - DbServiceCordiatorActor poolCount:(5)
2023-06-10 13:17:37,018 [36] DEBUG GameServer.World.WorldActor - OnRecvAddUser RemoteAddress:192.168.0.119:14007, SessionRef:[akka://TestServer/user/listener/sessionCordiator/$a#1226547923]
2023-06-10 13:17:37,178 [akka.actor.player-dispatcher_1] INFO  GameServer.World.UserInfo.UserActor - OnRecvPacket - message(ServerEnterRequest) data({"MessageSize":0,"ServerEnterRequest":{"SessionKey":"1234567"},"ServerEnterResponse":null,"SayRequest":null,"SayResponse":null,"PayloadCase":10})
2023-06-10 13:17:37,246 [akka.actor.player-dispatcher_1] DEBUG GameServer.World.UserInfo.UserActor - OnRecvRedisLink - [akka://TestServer/user/rediscordiator/redis0#104648104]
2023-06-10 13:17:37,247 [akka.actor.player-dispatcher_1] DEBUG GameServer.World.UserInfo.UserActor - OnRecvDbLink - [akka://TestServer/user/dbcordiator/gamedb0#1130231932]
2023-06-10 13:21:35,712 [1] INFO  GameServer.Program - Port:8081 Server Doing. "exit" is exit
2023-06-10 13:21:35,712 [36] INFO  GameServer.Socket.ListenerActor - Listening on 0.0.0.0:8081
2023-06-10 13:21:35,712 [akka.actor.database-dispatcher_1] INFO  GameServer.DataBase.MySql.DbServiceCordiatorActor - DbServiceCordiatorActor poolCount:(5)
2023-06-10 13:21:35,712 [akka.actor.database-dispatcher_2] INFO  GameServer.DataBase.Redis.RedisServiceCordiatorActor - RedisServiceCordiatorActor poolCount:(1)
2023-06-10 13:21:35,756 [35] DEBUG GameServer.World.WorldActor - OnRecvAddUser RemoteAddress:192.168.0.119:14608, SessionRef:[akka://TestServer/user/listener/sessionCordiator/$a#771556616]
2023-06-10 13:21:35,917 [akka.actor.player-dispatcher_1] DEBUG GameServer.World.UserInfo.UserActor - OnRecvDbLink - [akka://TestServer/user/dbcordiator/gamedb0#1926955301]
2023-06-10 13:21:35,918 [akka.actor.player-dispatcher_1] DEBUG GameServer.World.UserInfo.UserActor - OnRecvRedisLink - [akka://TestServer/user/rediscordiator/redis0#901371473]
2023-06-10 13:21:42,386 [akka.actor.player-dispatcher_1] INFO  GameServer.World.UserInfo.UserActor - OnRecvPacket - message(ServerEnterRequest) data({"MessageSize":0,"ServerEnterRequest":{"SessionKey":"1234567"},"ServerEnterResponse":null,"SayRequest":null,"SayResponse":null,"PayloadCase":10})
2023-06-10 13:21:42,389 [akka.actor.database-dispatcher_1] DEBUG GameServer.DataBase.Redis.RedisServiceActor - vals = user_uid:: 1001
2023-06-10 13:21:42,389 [akka.actor.database-dispatcher_1] DEBUG GameServer.DataBase.Redis.RedisServiceActor - vals = user_id:: test
2023-06-10 13:21:42,389 [akka.actor.database-dispatcher_1] DEBUG GameServer.DataBase.Redis.RedisServiceActor - vals = update_time:: 2023-06-10 오후 1:21:35
2023-06-10 13:21:42,391 [akka.actor.player-dispatcher_2] INFO  GameServer.World.UserInfo.UserActor - Tell - message(ServerEnterResponse) data({"MessageSize":0,"ServerEnterRequest":null,"ServerEnterResponse":{"UserUid":1001,"UserId":"test"},"SayRequest":null,"SayResponse":null,"PayloadCase":11})
2023-06-10 13:21:42,510 [akka.actor.player-dispatcher_1] DEBUG GameServer.World.UserInfo.UserActor - OnRecvSelectReponse 3, 1001
2023-06-10 13:21:47,555 [akka.actor.player-dispatcher_2] INFO  GameServer.World.UserInfo.UserActor - OnRecvPacket - message(SayRequest) data({"MessageSize":0,"ServerEnterRequest":null,"ServerEnterResponse":null,"SayRequest":{"UserUid":0,"UserId":"test","Message":"123"},"SayResponse":null,"PayloadCase":12})
2023-06-10 13:21:47,556 [akka.actor.player-dispatcher_2] INFO  GameServer.World.UserInfo.UserActor - BroardcastTell- message(SayResponse) data({"MessageSize":0,"ServerEnterRequest":null,"ServerEnterResponse":null,"SayRequest":null,"SayResponse":{"UserId":"test","Message":"123"},"PayloadCase":13})
2023-06-10 15:53:10,019 [akka.actor.database-dispatcher_3] INFO  GameServer.DataBase.MySql.DbServiceCordiatorActor - DbServiceCordiatorActor poolCount:(5)
2023-06-10 15:53:10,019 [akka.actor.database-dispatcher_1] INFO  GameServer.DataBase.Redis.RedisServiceCordiatorActor - RedisServiceCordiatorActor poolCount:(1)
2023-06-10 15:53:10,019 [6] INFO  GameServer.Socket.ListenerActor - Listening on 0.0.0.0:8081
2023-06-10 15:53:10,019 [1] INFO  GameServer.Program - Port:8081 Server Doing. "exit" is exit
2023-06-10 15:53:12,623 [akka.actor.player-dispatcher_1] DEBUG GameServer.World.UserInfo.UserCordiatorActor - OnRecvAddUser RemoteAddress:192.168.0.119:4617, SessionRef:[akka://GameServer/user/listener/sessioncordiator/$a#524406158]
2023-06-10 15:53:24,894 [akka.actor.player-dispatcher_1] INFO  GameServer.World.UserInfo.UserActor - OnRecvPacket - message(ServerEnterRequest) data({"MessageSize":0,"ServerEnterRequest":{"SessionKey":"1234567"},"ServerEnterResponse":null,"SayRequest":null,"SayResponse":null,"PayloadCase":10})
2023-06-10 15:53:24,964 [akka.actor.player-dispatcher_1] DEBUG GameServer.World.UserInfo.UserActor - OnRecvRedisLink - [akka://GameServer/user/rediscordiator/redis0#480322948]
2023-06-10 15:53:24,964 [akka.actor.player-dispatcher_1] DEBUG GameServer.World.UserInfo.UserActor - OnRecvDbLink - [akka://GameServer/user/dbcordiator/gamedb0#1505906776]
2023-06-10 15:53:37,757 [akka.actor.database-dispatcher_4] INFO  GameServer.DataBase.Redis.RedisServiceCordiatorActor - RedisServiceCordiatorActor poolCount:(1)
2023-06-10 15:53:37,757 [11] INFO  GameServer.Socket.ListenerActor - Listening on 0.0.0.0:8081
2023-06-10 15:53:37,757 [1] INFO  GameServer.Program - Port:8081 Server Doing. "exit" is exit
2023-06-10 15:53:37,757 [akka.actor.database-dispatcher_3] INFO  GameServer.DataBase.MySql.DbServiceCordiatorActor - DbServiceCordiatorActor poolCount:(5)
2023-06-10 15:53:37,809 [akka.actor.player-dispatcher_1] DEBUG GameServer.World.UserInfo.UserCordiatorActor - OnRecvAddUser RemoteAddress:192.168.0.119:4710, SessionRef:[akka://GameServer/user/listener/sessioncordiator/$a#1869239567]
2023-06-10 15:53:38,038 [akka.actor.player-dispatcher_1] DEBUG GameServer.World.UserInfo.UserActor - OnRecvRedisLink - [akka://GameServer/user/rediscordiator/redis0#359341711]
2023-06-10 15:53:38,038 [akka.actor.player-dispatcher_1] DEBUG GameServer.World.UserInfo.UserActor - OnRecvDbLink - [akka://GameServer/user/dbcordiator/gamedb0#1384925539]
2023-06-10 15:53:40,688 [akka.actor.player-dispatcher_3] INFO  GameServer.World.UserInfo.UserActor - OnRecvPacket - message(ServerEnterRequest) data({"MessageSize":0,"ServerEnterRequest":{"SessionKey":"1234567"},"ServerEnterResponse":null,"SayRequest":null,"SayResponse":null,"PayloadCase":10})
2023-06-10 15:53:40,691 [akka.actor.database-dispatcher_1] DEBUG GameServer.DataBase.Redis.RedisServiceActor - vals = user_uid:: 1001
2023-06-10 15:53:40,691 [akka.actor.database-dispatcher_1] DEBUG GameServer.DataBase.Redis.RedisServiceActor - vals = user_id:: test
2023-06-10 15:53:40,691 [akka.actor.database-dispatcher_1] DEBUG GameServer.DataBase.Redis.RedisServiceActor - vals = update_time:: 2023-06-10 오후 3:53:37
2023-06-10 15:53:40,693 [akka.actor.player-dispatcher_1] INFO  GameServer.World.UserInfo.UserActor - Tell - message(ServerEnterResponse) data({"MessageSize":0,"ServerEnterRequest":null,"ServerEnterResponse":{"UserUid":1001,"UserId":"test"},"SayRequest":null,"SayResponse":null,"PayloadCase":11})
2023-06-10 15:53:40,732 [akka.actor.player-dispatcher_2] DEBUG GameServer.World.UserInfo.UserActor - OnRecvSelectReponse 3, 1001
2023-06-10 15:53:42,793 [akka.actor.player-dispatcher_1] INFO  GameServer.World.UserInfo.UserActor - OnRecvPacket - message(SayRequest) data({"MessageSize":0,"ServerEnterRequest":null,"ServerEnterResponse":null,"SayRequest":{"UserUid":0,"UserId":"test","Message":"123123\u0000\u0000\u0000"},"SayResponse":null,"PayloadCase":12})
2023-06-10 15:53:42,794 [akka.actor.player-dispatcher_1] INFO  GameServer.World.UserInfo.UserActor - BroardcastTell- message(SayResponse) data({"MessageSize":0,"ServerEnterRequest":null,"ServerEnterResponse":null,"SayRequest":null,"SayResponse":{"UserId":"test","Message":"123123\u0000\u0000\u0000"},"PayloadCase":13})
2023-06-10 15:53:44,226 [akka.actor.player-dispatcher_3] INFO  GameServer.World.UserInfo.UserActor - OnRecvPacket - message(SayRequest) data({"MessageSize":0,"ServerEnterRequest":null,"ServerEnterResponse":null,"SayRequest":{"UserUid":0,"UserId":"test","Message":""},"SayResponse":null,"PayloadCase":12})
2023-06-10 15:53:44,227 [akka.actor.player-dispatcher_3] INFO  GameServer.World.UserInfo.UserActor - BroardcastTell- message(SayResponse) data({"MessageSize":0,"ServerEnterRequest":null,"ServerEnterResponse":null,"SayRequest":null,"SayResponse":{"UserId":"test","Message":""},"PayloadCase":13})
2023-06-10 15:53:44,371 [akka.actor.player-dispatcher_4] INFO  GameServer.World.UserInfo.UserActor - OnRecvPacket - message(SayRequest) data({"MessageSize":0,"ServerEnterRequest":null,"ServerEnterResponse":null,"SayRequest":{"UserUid":0,"UserId":"test","Message":""},"SayResponse":null,"PayloadCase":12})
2023-06-10 15:53:44,372 [akka.actor.player-dispatcher_4] INFO  GameServer.World.UserInfo.UserActor - BroardcastTell- message(SayResponse) data({"MessageSize":0,"ServerEnterRequest":null,"ServerEnterResponse":null,"SayRequest":null,"SayResponse":{"UserId":"test","Message":""},"PayloadCase":13})
2023-06-10 15:53:48,213 [1] INFO  GameServer.Program - Port:8081 Server Doing. "exit" is exit
2023-06-10 15:53:48,213 [akka.actor.database-dispatcher_2] INFO  GameServer.DataBase.Redis.RedisServiceCordiatorActor - RedisServiceCordiatorActor poolCount:(1)
2023-06-10 15:53:48,213 [akka.actor.database-dispatcher_1] INFO  GameServer.DataBase.MySql.DbServiceCordiatorActor - DbServiceCordiatorActor poolCount:(5)
2023-06-10 15:53:48,213 [10] INFO  GameServer.Socket.ListenerActor - Listening on 0.0.0.0:8081
2023-06-10 15:53:48,261 [akka.actor.player-dispatcher_1] DEBUG GameServer.World.UserInfo.UserCordiatorActor - OnRecvAddUser RemoteAddress:192.168.0.119:4736, SessionRef:[akka://GameServer/user/listener/sessioncordiator/$a#2124690069]
2023-06-10 15:53:48,484 [akka.actor.player-dispatcher_1] DEBUG GameServer.World.UserInfo.UserActor - OnRecvRedisLink - [akka://GameServer/user/rediscordiator/redis0#169953451]
2023-06-10 15:53:48,484 [akka.actor.player-dispatcher_1] DEBUG GameServer.World.UserInfo.UserActor - OnRecvDbLink - [akka://GameServer/user/dbcordiator/gamedb0#1195537279]
2023-06-10 15:53:51,115 [akka.actor.player-dispatcher_3] INFO  GameServer.World.UserInfo.UserActor - OnRecvPacket - message(ServerEnterRequest) data({"MessageSize":0,"ServerEnterRequest":{"SessionKey":"1234567"},"ServerEnterResponse":null,"SayRequest":null,"SayResponse":null,"PayloadCase":10})
2023-06-10 15:53:51,118 [akka.actor.database-dispatcher_1] DEBUG GameServer.DataBase.Redis.RedisServiceActor - vals = user_uid:: 1001
2023-06-10 15:53:51,118 [akka.actor.database-dispatcher_1] DEBUG GameServer.DataBase.Redis.RedisServiceActor - vals = user_id:: test
2023-06-10 15:53:51,118 [akka.actor.database-dispatcher_1] DEBUG GameServer.DataBase.Redis.RedisServiceActor - vals = update_time:: 2023-06-10 오후 3:53:48
2023-06-10 15:53:51,121 [akka.actor.player-dispatcher_1] INFO  GameServer.World.UserInfo.UserActor - Tell - message(ServerEnterResponse) data({"MessageSize":0,"ServerEnterRequest":null,"ServerEnterResponse":{"UserUid":1001,"UserId":"test"},"SayRequest":null,"SayResponse":null,"PayloadCase":11})
2023-06-10 15:53:51,163 [akka.actor.player-dispatcher_2] DEBUG GameServer.World.UserInfo.UserActor - OnRecvSelectReponse 3, 1001
2023-06-10 15:59:12,834 [1] INFO  GameServer.Program - Port:8081 Server Doing. "exit" is exit
2023-06-10 15:59:12,834 [10] INFO  GameServer.Socket.ListenerActor - Listening on 0.0.0.0:8081
2023-06-10 15:59:12,834 [akka.actor.database-dispatcher_1] INFO  GameServer.DataBase.MySql.DbServiceCordiatorActor - DbServiceCordiatorActor poolCount:(5)
2023-06-10 15:59:12,834 [akka.actor.database-dispatcher_2] INFO  GameServer.DataBase.Redis.RedisServiceCordiatorActor - RedisServiceCordiatorActor poolCount:(1)
2023-06-10 15:59:12,879 [akka.actor.player-dispatcher_1] DEBUG GameServer.World.UserInfo.UserCordiatorActor - OnRecvAddUser RemoteAddress:192.168.0.119:5647, SessionRef:[akka://GameServer/user/listener/sessioncordiator/$a#1973934121]
2023-06-10 15:59:26,392 [akka.actor.player-dispatcher_1] INFO  GameServer.World.UserInfo.UserActor - OnRecvPacket - message(ServerEnterRequest) data({"MessageSize":0,"ServerEnterRequest":{"SessionKey":"1234567"},"ServerEnterResponse":null,"SayRequest":null,"SayResponse":null,"PayloadCase":10})
2023-06-10 15:59:26,459 [akka.actor.player-dispatcher_1] DEBUG GameServer.World.UserInfo.UserActor - OnRecvDbLink - [akka://GameServer/user/dbcordiator/gamedb0#852034302]
2023-06-10 15:59:26,459 [akka.actor.player-dispatcher_1] DEBUG GameServer.World.UserInfo.UserActor - OnRecvRedisLink - [akka://GameServer/user/rediscordiator/redis0#1877618130]
2023-06-10 15:59:49,789 [akka.actor.database-dispatcher_2] INFO  GameServer.DataBase.Redis.RedisServiceCordiatorActor - RedisServiceCordiatorActor poolCount:(1)
2023-06-10 15:59:49,789 [akka.actor.database-dispatcher_1] INFO  GameServer.DataBase.MySql.DbServiceCordiatorActor - DbServiceCordiatorActor poolCount:(5)
2023-06-10 15:59:49,789 [1] INFO  GameServer.Program - Port:8081 Server Doing. "exit" is exit
2023-06-10 15:59:49,789 [10] INFO  GameServer.Socket.ListenerActor - Listening on 0.0.0.0:8081
2023-06-10 15:59:49,849 [akka.actor.player-dispatcher_1] DEBUG GameServer.World.UserInfo.UserCordiatorActor - OnRecvAddUser RemoteAddress:192.168.0.119:5710, SessionRef:[akka://GameServer/user/listener/sessioncordiator/$a#989184574]
2023-06-10 15:59:51,920 [akka.actor.player-dispatcher_1] DEBUG GameServer.World.UserInfo.UserActor - OnRecvRedisLink - [akka://GameServer/user/rediscordiator/redis0#892868583]
2023-06-10 15:59:51,920 [akka.actor.player-dispatcher_1] DEBUG GameServer.World.UserInfo.UserActor - OnRecvDbLink - [akka://GameServer/user/dbcordiator/gamedb0#2014768402]
2023-06-10 15:59:52,735 [akka.actor.player-dispatcher_3] INFO  GameServer.World.UserInfo.UserActor - OnRecvPacket - message(ServerEnterRequest) data({"MessageSize":0,"ServerEnterRequest":{"SessionKey":"1234567"},"ServerEnterResponse":null,"SayRequest":null,"SayResponse":null,"PayloadCase":10})
2023-06-10 15:59:52,739 [akka.actor.database-dispatcher_1] DEBUG GameServer.DataBase.Redis.RedisServiceActor - vals = user_uid:: 1001
2023-06-10 15:59:52,739 [akka.actor.database-dispatcher_1] DEBUG GameServer.DataBase.Redis.RedisServiceActor - vals = user_id:: test
2023-06-10 15:59:52,739 [akka.actor.database-dispatcher_1] DEBUG GameServer.DataBase.Redis.RedisServiceActor - vals = update_time:: 2023-06-10 오후 3:59:49
2023-06-10 15:59:52,742 [akka.actor.player-dispatcher_1] INFO  GameServer.World.UserInfo.UserActor - Tell - message(ServerEnterResponse) data({"MessageSize":0,"ServerEnterRequest":null,"ServerEnterResponse":{"UserUid":1001,"UserId":"test"},"SayRequest":null,"SayResponse":null,"PayloadCase":11})
2023-06-10 15:59:52,783 [akka.actor.player-dispatcher_2] DEBUG GameServer.World.UserInfo.UserActor - OnRecvSelectReponse 3, 1001
2023-06-10 15:59:55,183 [akka.actor.player-dispatcher_1] INFO  GameServer.World.UserInfo.UserActor - OnRecvPacket - message(SayRequest) data({"MessageSize":0,"ServerEnterRequest":null,"ServerEnterResponse":null,"SayRequest":{"UserUid":0,"UserId":"test","Message":"123123"},"SayResponse":null,"PayloadCase":12})
2023-06-10 15:59:55,184 [akka.actor.player-dispatcher_1] INFO  GameServer.World.UserInfo.UserActor - BroardcastTell- message(SayResponse) data({"MessageSize":0,"ServerEnterRequest":null,"ServerEnterResponse":null,"SayRequest":null,"SayResponse":{"UserId":"test","Message":"123123"},"PayloadCase":13})
2023-06-10 16:00:28,104 [6] INFO  GameServer.Socket.ListenerActor - Listening on 0.0.0.0:8081
2023-06-10 16:00:28,104 [akka.actor.database-dispatcher_4] INFO  GameServer.DataBase.Redis.RedisServiceCordiatorActor - RedisServiceCordiatorActor poolCount:(1)
2023-06-10 16:00:28,104 [akka.actor.database-dispatcher_1] INFO  GameServer.DataBase.MySql.DbServiceCordiatorActor - DbServiceCordiatorActor poolCount:(5)
2023-06-10 16:00:28,104 [1] INFO  GameServer.Program - Port:8081 Server Doing. "exit" is exit
2023-06-10 16:00:28,158 [akka.actor.player-dispatcher_1] DEBUG GameServer.World.UserInfo.UserCordiatorActor - OnRecvAddUser RemoteAddress:192.168.0.119:5772, SessionRef:[akka://GameServer/user/listener/sessioncordiator/$a#1681227288]
2023-06-10 16:00:28,350 [akka.actor.player-dispatcher_1] DEBUG GameServer.World.UserInfo.UserActor - OnRecvDbLink - [akka://GameServer/user/dbcordiator/gamedb0#559327469]
2023-06-10 16:00:28,351 [akka.actor.player-dispatcher_1] DEBUG GameServer.World.UserInfo.UserActor - OnRecvRedisLink - [akka://GameServer/user/rediscordiator/redis0#1584911297]
2023-06-10 16:00:30,961 [akka.actor.player-dispatcher_3] INFO  GameServer.World.UserInfo.UserActor - OnRecvPacket - message(ServerEnterRequest) data({"MessageSize":0,"ServerEnterRequest":{"SessionKey":"1234567"},"ServerEnterResponse":null,"SayRequest":null,"SayResponse":null,"PayloadCase":10})
2023-06-10 16:00:30,965 [akka.actor.database-dispatcher_1] DEBUG GameServer.DataBase.Redis.RedisServiceActor - vals = user_uid:: 1001
2023-06-10 16:00:30,965 [akka.actor.database-dispatcher_1] DEBUG GameServer.DataBase.Redis.RedisServiceActor - vals = user_id:: test
2023-06-10 16:00:30,965 [akka.actor.database-dispatcher_1] DEBUG GameServer.DataBase.Redis.RedisServiceActor - vals = update_time:: 2023-06-10 오후 4:00:28
2023-06-10 16:00:30,968 [akka.actor.player-dispatcher_1] INFO  GameServer.World.UserInfo.UserActor - Tell - message(ServerEnterResponse) data({"MessageSize":0,"ServerEnterRequest":null,"ServerEnterResponse":{"UserUid":1001,"UserId":"test"},"SayRequest":null,"SayResponse":null,"PayloadCase":11})
2023-06-10 16:00:31,006 [akka.actor.player-dispatcher_2] DEBUG GameServer.World.UserInfo.UserActor - OnRecvSelectReponse 3, 1001
2023-06-10 16:00:31,355 [akka.actor.player-dispatcher_1] INFO  GameServer.World.UserInfo.UserActor - OnRecvPacket - message(SayRequest) data({"MessageSize":0,"ServerEnterRequest":null,"ServerEnterResponse":null,"SayRequest":{"UserUid":0,"UserId":"test","Message":""},"SayResponse":null,"PayloadCase":12})
2023-06-10 16:00:31,357 [akka.actor.player-dispatcher_1] INFO  GameServer.World.UserInfo.UserActor - BroardcastTell- message(SayResponse) data({"MessageSize":0,"ServerEnterRequest":null,"ServerEnterResponse":null,"SayRequest":null,"SayResponse":{"UserId":"test","Message":""},"PayloadCase":13})
2023-06-10 16:00:33,571 [akka.actor.player-dispatcher_3] INFO  GameServer.World.UserInfo.UserActor - OnRecvPacket - message(SayRequest) data({"MessageSize":0,"ServerEnterRequest":null,"ServerEnterResponse":null,"SayRequest":{"UserUid":0,"UserId":"test","Message":"asdasd\u0000\u0000\u0000"},"SayResponse":null,"PayloadCase":12})
2023-06-10 16:00:33,572 [akka.actor.player-dispatcher_3] INFO  GameServer.World.UserInfo.UserActor - BroardcastTell- message(SayResponse) data({"MessageSize":0,"ServerEnterRequest":null,"ServerEnterResponse":null,"SayRequest":null,"SayResponse":{"UserId":"test","Message":"asdasd\u0000\u0000\u0000"},"PayloadCase":13})
2023-06-10 16:02:13,146 [akka.actor.database-dispatcher_3] INFO  GameServer.DataBase.MySql.DbServiceCordiatorActor - DbServiceCordiatorActor poolCount:(5)
2023-06-10 16:02:13,146 [1] INFO  GameServer.Program - Port:8081 Server Doing. "exit" is exit
2023-06-10 16:02:13,146 [6] INFO  GameServer.Socket.ListenerActor - Listening on 0.0.0.0:8081
2023-06-10 16:02:13,146 [akka.actor.database-dispatcher_4] INFO  GameServer.DataBase.Redis.RedisServiceCordiatorActor - RedisServiceCordiatorActor poolCount:(1)
2023-06-10 16:02:13,190 [akka.actor.player-dispatcher_1] DEBUG GameServer.World.UserInfo.UserCordiatorActor - OnRecvAddUser RemoteAddress:192.168.0.119:6270, SessionRef:[akka://GameServer/user/listener/sessioncordiator/$a#1365922140]
2023-06-10 16:02:13,406 [akka.actor.player-dispatcher_1] DEBUG GameServer.World.UserInfo.UserActor - OnRecvDbLink - [akka://GameServer/user/dbcordiator/gamedb0#1269606149]
2023-06-10 16:02:13,407 [akka.actor.player-dispatcher_2] DEBUG GameServer.World.UserInfo.UserActor - OnRecvRedisLink - [akka://GameServer/user/rediscordiator/redis0#244022321]
2023-06-10 16:02:16,033 [akka.actor.player-dispatcher_3] INFO  GameServer.World.UserInfo.UserActor - OnRecvPacket - message(ServerEnterRequest) data({"MessageSize":0,"ServerEnterRequest":{"SessionKey":"1234567"},"ServerEnterResponse":null,"SayRequest":null,"SayResponse":null,"PayloadCase":10})
2023-06-10 16:02:16,036 [akka.actor.database-dispatcher_1] DEBUG GameServer.DataBase.Redis.RedisServiceActor - vals = user_uid:: 1001
2023-06-10 16:02:16,036 [akka.actor.database-dispatcher_1] DEBUG GameServer.DataBase.Redis.RedisServiceActor - vals = user_id:: test
2023-06-10 16:02:16,036 [akka.actor.database-dispatcher_1] DEBUG GameServer.DataBase.Redis.RedisServiceActor - vals = update_time:: 2023-06-10 오후 4:02:13
2023-06-10 16:02:16,039 [akka.actor.player-dispatcher_1] INFO  GameServer.World.UserInfo.UserActor - Tell - message(ServerEnterResponse) data({"MessageSize":0,"ServerEnterRequest":null,"ServerEnterResponse":{"UserUid":1001,"UserId":"test"},"SayRequest":null,"SayResponse":null,"PayloadCase":11})
2023-06-10 16:02:16,079 [akka.actor.player-dispatcher_2] DEBUG GameServer.World.UserInfo.UserActor - OnRecvSelectReponse 3, 1001
2023-06-10 16:02:18,503 [akka.actor.player-dispatcher_1] INFO  GameServer.World.UserInfo.UserActor - OnRecvPacket - message(SayRequest) data({"MessageSize":0,"ServerEnterRequest":null,"ServerEnterResponse":null,"SayRequest":{"UserUid":0,"UserId":"test","Message":"123123"},"SayResponse":null,"PayloadCase":12})
2023-06-10 16:02:18,504 [akka.actor.player-dispatcher_1] INFO  GameServer.World.UserInfo.UserActor - BroardcastTell- message(SayResponse) data({"MessageSize":0,"ServerEnterRequest":null,"ServerEnterResponse":null,"SayRequest":null,"SayResponse":{"UserId":"test","Message":"123123"},"PayloadCase":13})
2023-06-10 16:04:39,983 [akka.actor.database-dispatcher_2] INFO  GameServer.DataBase.Redis.RedisServiceCordiatorActor - RedisServiceCordiatorActor poolCount:(1)
2023-06-10 16:04:39,983 [1] INFO  GameServer.Program - Port:8081 Server Doing. "exit" is exit
2023-06-10 16:04:39,983 [akka.actor.database-dispatcher_1] INFO  GameServer.DataBase.MySql.DbServiceCordiatorActor - DbServiceCordiatorActor poolCount:(5)
2023-06-10 16:04:39,983 [10] INFO  GameServer.Socket.ListenerActor - Listening on 0.0.0.0:8081
2023-06-10 16:04:40,280 [36] DEBUG GameServer.World.UserInfo.UserCordiatorActor - OnRecvAddUser RemoteAddress:192.168.0.119:6569, SessionRef:[akka://GameServer/user/listener/sessioncordiator/$a#968971926]
2023-06-10 16:04:48,443 [akka.actor.player-dispatcher_10] DEBUG GameServer.World.UserInfo.UserActor - OnRecvDbLink - [akka://GameServer/user/dbcordiator/gamedb0#712219989]
2023-06-10 16:04:48,444 [akka.actor.player-dispatcher_10] DEBUG GameServer.World.UserInfo.UserActor - OnRecvRedisLink - [akka://GameServer/user/rediscordiator/redis0#1737803817]
