2023-06-11 02:23:00,448 [akka.actor.database-dispatcher_3] INFO  GameServer.DataBase.MySql.DbServiceCordiatorActor - DbServiceCordiatorActor poolCount:(5)
2023-06-11 02:23:00,448 [9] INFO  GameServer.Socket.ListenerActor - Listening on 0.0.0.0:8081
2023-06-11 02:23:00,448 [1] INFO  GameServer.Program - Port:8081 Server Doing. "exit" is exit
2023-06-11 02:23:00,448 [akka.actor.database-dispatcher_1] INFO  GameServer.DataBase.Redis.RedisServiceCordiatorActor - RedisServiceCordiatorActor poolCount:(1)
2023-06-11 02:23:15,671 [36] INFO  GameServer.Socket.ListenerActor - Listening on 0.0.0.0:8081
2023-06-11 02:23:15,671 [akka.actor.database-dispatcher_3] INFO  GameServer.DataBase.MySql.DbServiceCordiatorActor - DbServiceCordiatorActor poolCount:(5)
2023-06-11 02:23:15,671 [akka.actor.database-dispatcher_4] INFO  GameServer.DataBase.Redis.RedisServiceCordiatorActor - RedisServiceCordiatorActor poolCount:(1)
2023-06-11 02:23:15,671 [1] INFO  GameServer.Program - Port:8081 Server Doing. "exit" is exit
2023-06-11 02:23:54,348 [akka.actor.database-dispatcher_1] INFO  GameServer.DataBase.Redis.RedisServiceCordiatorActor - RedisServiceCordiatorActor poolCount:(1)
2023-06-11 02:23:54,348 [akka.actor.database-dispatcher_3] INFO  GameServer.DataBase.MySql.DbServiceCordiatorActor - DbServiceCordiatorActor poolCount:(5)
2023-06-11 02:23:54,348 [1] INFO  GameServer.Program - Port:8081 Server Doing. "exit" is exit
2023-06-11 02:23:54,348 [36] INFO  GameServer.Socket.ListenerActor - Listening on 0.0.0.0:8081
2023-06-11 02:24:29,645 [4] INFO  GameServer.Socket.ListenerActor - Listening on 0.0.0.0:8081
2023-06-11 02:24:29,645 [akka.actor.database-dispatcher_1] INFO  GameServer.DataBase.MySql.DbServiceCordiatorActor - DbServiceCordiatorActor poolCount:(5)
2023-06-11 02:24:29,645 [akka.actor.database-dispatcher_2] INFO  GameServer.DataBase.Redis.RedisServiceCordiatorActor - RedisServiceCordiatorActor poolCount:(1)
2023-06-11 02:24:29,645 [1] INFO  GameServer.Program - Port:8081 Server Doing. "exit" is exit
2023-06-11 02:25:43,671 [akka.actor.database-dispatcher_2] INFO  GameServer.DataBase.Redis.RedisServiceCordiatorActor - RedisServiceCordiatorActor poolCount:(1)
2023-06-11 02:25:43,671 [10] INFO  GameServer.Socket.ListenerActor - Listening on 0.0.0.0:8081
2023-06-11 02:25:43,671 [1] INFO  GameServer.Program - Port:8081 Server Doing. "exit" is exit
2023-06-11 02:25:43,671 [akka.actor.database-dispatcher_1] INFO  GameServer.DataBase.MySql.DbServiceCordiatorActor - DbServiceCordiatorActor poolCount:(5)
2023-06-11 02:26:33,796 [1] INFO  GameServer.Program - Port:8081 Server Doing. "exit" is exit
2023-06-11 02:26:33,796 [akka.actor.database-dispatcher_1] INFO  GameServer.DataBase.MySql.DbServiceCordiatorActor - DbServiceCordiatorActor poolCount:(5)
2023-06-11 02:26:33,796 [9] INFO  GameServer.Socket.ListenerActor - Listening on 0.0.0.0:8081
2023-06-11 02:26:33,796 [akka.actor.database-dispatcher_4] INFO  GameServer.DataBase.Redis.RedisServiceCordiatorActor - RedisServiceCordiatorActor poolCount:(1)
2023-06-11 02:27:00,279 [1] INFO  GameServer.Program - Port:8081 Server Doing. "exit" is exit
2023-06-11 02:27:00,279 [akka.actor.database-dispatcher_1] INFO  GameServer.DataBase.MySql.DbServiceCordiatorActor - DbServiceCordiatorActor poolCount:(5)
2023-06-11 02:27:00,279 [akka.actor.database-dispatcher_2] INFO  GameServer.DataBase.Redis.RedisServiceCordiatorActor - RedisServiceCordiatorActor poolCount:(1)
2023-06-11 02:27:00,279 [38] INFO  GameServer.Socket.ListenerActor - Listening on 0.0.0.0:8081
2023-06-11 02:27:45,505 [akka.actor.database-dispatcher_2] INFO  GameServer.DataBase.Redis.RedisServiceCordiatorActor - RedisServiceCordiatorActor poolCount:(1)
2023-06-11 02:27:45,505 [10] INFO  GameServer.Socket.ListenerActor - Listening on 0.0.0.0:8081
2023-06-11 02:27:45,505 [akka.actor.database-dispatcher_1] INFO  GameServer.DataBase.MySql.DbServiceCordiatorActor - DbServiceCordiatorActor poolCount:(5)
2023-06-11 02:27:45,505 [1] INFO  GameServer.Program - Port:8081 Server Doing. "exit" is exit
2023-06-11 02:30:36,488 [1] INFO  GameServer.Program - Port:8081 Server Doing. "exit" is exit
2023-06-11 02:30:36,488 [11] INFO  GameServer.Socket.ListenerActor - Listening on 0.0.0.0:8081
2023-06-11 02:30:36,488 [akka.actor.database-dispatcher_3] INFO  GameServer.DataBase.MySql.DbServiceCordiatorActor - DbServiceCordiatorActor poolCount:(5)
2023-06-11 02:30:36,488 [akka.actor.database-dispatcher_4] INFO  GameServer.DataBase.Redis.RedisServiceCordiatorActor - RedisServiceCordiatorActor poolCount:(1)
2023-06-11 02:30:42,411 [5] DEBUG GameServer.World.UserInfo.UserCordiatorActor - OnRecvAddUser RemoteAddress:192.168.0.119:8848, SessionRef:[akka://GameServer/user/listener/sessioncordiator/$a#30833558]
2023-06-11 02:31:36,858 [akka.actor.database-dispatcher_1] INFO  GameServer.DataBase.Redis.RedisServiceCordiatorActor - RedisServiceCordiatorActor poolCount:(1)
2023-06-11 02:31:36,858 [1] INFO  GameServer.Program - Port:8081 Server Doing. "exit" is exit
2023-06-11 02:31:36,858 [akka.actor.database-dispatcher_3] INFO  GameServer.DataBase.MySql.DbServiceCordiatorActor - DbServiceCordiatorActor poolCount:(5)
2023-06-11 02:31:36,858 [4] INFO  GameServer.Socket.ListenerActor - Listening on 0.0.0.0:8081
2023-06-11 02:31:36,921 [10] DEBUG GameServer.World.UserInfo.UserCordiatorActor - OnRecvAddUser RemoteAddress:192.168.0.119:8939, SessionRef:[akka://GameServer/user/listener/sessioncordiator/$a#2047780185]
2023-06-11 02:31:37,124 [4] DEBUG GameServer.World.UserInfo.UserActor - OnRecvRedisLink - [akka://GameServer/user/rediscordiator/redis0#1951464194]
2023-06-11 02:31:37,125 [4] DEBUG GameServer.World.UserInfo.UserActor - OnRecvDbLink - [akka://GameServer/user/dbcordiator/gamedb0#925880366]
2023-06-11 02:31:39,750 [6] INFO  GameServer.World.UserInfo.UserActor - OnRecvPacket - message(ServerEnterRequest) data({"MessageSize":0,"ServerEnterRequest":{"SessionKey":"1234567"},"ServerEnterResponse":null,"MapEnterRequest":null,"MapEnterResponse":null,"SayRequest":null,"SayResponse":null,"PayloadCase":10})
2023-06-11 02:31:39,753 [akka.actor.database-dispatcher_1] DEBUG GameServer.DataBase.Redis.RedisServiceActor - vals = user_uid:: 1001
2023-06-11 02:31:39,754 [akka.actor.database-dispatcher_1] DEBUG GameServer.DataBase.Redis.RedisServiceActor - vals = user_id:: test
2023-06-11 02:31:39,754 [akka.actor.database-dispatcher_1] DEBUG GameServer.DataBase.Redis.RedisServiceActor - vals = update_time:: 2023-06-11 오전 2:31:36
2023-06-11 02:31:39,756 [6] INFO  GameServer.World.UserInfo.UserActor - Tell - message(ServerEnterResponse) data({"MessageSize":0,"ServerEnterRequest":null,"ServerEnterResponse":{"UserUid":1001,"UserId":"test"},"MapEnterRequest":null,"MapEnterResponse":null,"SayRequest":null,"SayResponse":null,"PayloadCase":11})
2023-06-11 02:31:39,803 [10] DEBUG GameServer.World.UserInfo.UserActor - OnRecvSelectReponse 3, 1001
2023-06-11 02:31:39,804 [10] INFO  GameServer.World.UserInfo.UserActor - OnRecvPacket - message(MapEnterRequest) data({"MessageSize":0,"ServerEnterRequest":null,"ServerEnterResponse":null,"MapEnterRequest":{"MapIndex":1001},"MapEnterResponse":null,"SayRequest":null,"SayResponse":null,"PayloadCase":12})
2023-06-11 02:31:41,447 [6] INFO  GameServer.World.UserInfo.UserActor - OnRecvPacket - message(SayRequest) data({"MessageSize":0,"ServerEnterRequest":null,"ServerEnterResponse":null,"MapEnterRequest":null,"MapEnterResponse":null,"SayRequest":{"UserUid":0,"UserId":"test","Message":"1234"},"SayResponse":null,"PayloadCase":14})
2023-06-11 02:31:41,449 [6] INFO  GameServer.World.UserInfo.UserActor - BroardcastTell- message(SayResponse) data({"MessageSize":0,"ServerEnterRequest":null,"ServerEnterResponse":null,"MapEnterRequest":null,"MapEnterResponse":null,"SayRequest":null,"SayResponse":{"UserId":"test","Message":"1234"},"PayloadCase":15})
2023-06-11 02:36:39,364 [akka.actor.database-dispatcher_3] INFO  GameServer.DataBase.MySql.DbServiceCordiatorActor - DbServiceCordiatorActor poolCount:(5)
2023-06-11 02:36:39,364 [1] INFO  GameServer.Program - Port:8081 Server Doing. "exit" is exit
2023-06-11 02:36:39,364 [10] INFO  GameServer.Socket.ListenerActor - Listening on 0.0.0.0:8081
2023-06-11 02:36:39,364 [akka.actor.database-dispatcher_1] INFO  GameServer.DataBase.Redis.RedisServiceCordiatorActor - RedisServiceCordiatorActor poolCount:(1)
2023-06-11 02:36:39,407 [36] DEBUG GameServer.World.UserInfo.UserCordiatorActor - OnRecvAddUser RemoteAddress:192.168.0.119:9385, SessionRef:[akka://GameServer/user/listener/sessioncordiator/$a#2098480617]
2023-06-11 02:36:39,617 [6] DEBUG GameServer.World.UserInfo.UserActor - OnRecvDbLink - [akka://GameServer/user/dbcordiator/gamedb0#1567413587]
2023-06-11 02:36:39,617 [6] DEBUG GameServer.World.UserInfo.UserActor - OnRecvRedisLink - [akka://GameServer/user/rediscordiator/redis0#541829759]
2023-06-11 02:36:42,284 [11] INFO  GameServer.World.UserInfo.UserActor - OnRecvPacket - message(ServerEnterRequest) data({"MessageSize":0,"ServerEnterRequest":{"SessionKey":"1234567"},"ServerEnterResponse":null,"MapEnterRequest":null,"MapEnterResponse":null,"SayRequest":null,"SayResponse":null,"PayloadCase":10})
2023-06-11 02:36:42,288 [akka.actor.database-dispatcher_1] DEBUG GameServer.DataBase.Redis.RedisServiceActor - vals = user_uid:: 1001
2023-06-11 02:36:42,288 [akka.actor.database-dispatcher_1] DEBUG GameServer.DataBase.Redis.RedisServiceActor - vals = user_id:: test
2023-06-11 02:36:42,288 [akka.actor.database-dispatcher_1] DEBUG GameServer.DataBase.Redis.RedisServiceActor - vals = update_time:: 2023-06-11 오전 2:36:39
2023-06-11 02:36:42,290 [11] INFO  GameServer.World.UserInfo.UserActor - Tell - message(ServerEnterResponse) data({"MessageSize":0,"ServerEnterRequest":null,"ServerEnterResponse":{"UserUid":1001,"UserId":"test"},"MapEnterRequest":null,"MapEnterResponse":null,"SayRequest":null,"SayResponse":null,"PayloadCase":11})
2023-06-11 02:36:42,328 [11] DEBUG GameServer.World.UserInfo.UserActor - OnRecvSelectReponse 3, 1001
2023-06-11 02:36:43,720 [6] INFO  GameServer.World.UserInfo.UserActor - OnRecvPacket - message(MapEnterRequest) data({"MessageSize":0,"ServerEnterRequest":null,"ServerEnterResponse":null,"MapEnterRequest":{"MapIndex":1001},"MapEnterResponse":null,"SayRequest":null,"SayResponse":null,"PayloadCase":12})
2023-06-11 02:36:45,324 [36] INFO  GameServer.World.UserInfo.UserActor - OnRecvPacket - message(SayRequest) data({"MessageSize":0,"ServerEnterRequest":null,"ServerEnterResponse":null,"MapEnterRequest":null,"MapEnterResponse":null,"SayRequest":{"UserUid":0,"UserId":"test","Message":"1234"},"SayResponse":null,"PayloadCase":14})
2023-06-11 02:36:45,326 [36] INFO  GameServer.World.UserInfo.UserActor - BroardcastTell- message(SayResponse) data({"MessageSize":0,"ServerEnterRequest":null,"ServerEnterResponse":null,"MapEnterRequest":null,"MapEnterResponse":null,"SayRequest":null,"SayResponse":{"UserId":"test","Message":"1234"},"PayloadCase":15})
2023-06-11 02:36:47,668 [6] INFO  GameServer.World.UserInfo.UserActor - OnRecvPacket - message(SayRequest) data({"MessageSize":0,"ServerEnterRequest":null,"ServerEnterResponse":null,"MapEnterRequest":null,"MapEnterResponse":null,"SayRequest":{"UserUid":0,"UserId":"test","Message":"가나\u0000\u0000\u0000"},"SayResponse":null,"PayloadCase":14})
2023-06-11 02:36:47,669 [6] INFO  GameServer.World.UserInfo.UserActor - BroardcastTell- message(SayResponse) data({"MessageSize":0,"ServerEnterRequest":null,"ServerEnterResponse":null,"MapEnterRequest":null,"MapEnterResponse":null,"SayRequest":null,"SayResponse":{"UserId":"test","Message":"가나\u0000\u0000\u0000"},"PayloadCase":15})
2023-06-11 02:44:36,068 [36] INFO  GameServer.Socket.ListenerActor - Listening on 0.0.0.0:8081
2023-06-11 02:44:36,068 [akka.actor.database-dispatcher_3] INFO  GameServer.DataBase.MySql.DbServiceCordiatorActor - DbServiceCordiatorActor poolCount:(5)
2023-06-11 02:44:36,068 [akka.actor.database-dispatcher_1] INFO  GameServer.DataBase.Redis.RedisServiceCordiatorActor - RedisServiceCordiatorActor poolCount:(1)
2023-06-11 02:44:36,068 [1] INFO  GameServer.Program - Port:8081 Server Doing. "exit" is exit
2023-06-11 02:44:36,108 [36] DEBUG GameServer.World.UserInfo.UserCordiatorActor - OnRecvAddUser RemoteAddress:192.168.0.119:10603, SessionRef:[akka://GameServer/user/listener/sessioncordiator/$a#1573140492]
2023-06-11 02:44:36,326 [6] INFO  GameServer.World.UserInfo.UserActor - OnRecvPacket - message(ServerEnterRequest) data({"MessageSize":0,"ConnectedResponse":null,"ServerEnterRequest":{"SessionKey":"1234567"},"ServerEnterResponse":null,"MapEnterRequest":null,"MapEnterResponse":null,"SayRequest":null,"SayResponse":null,"PayloadCase":12})
2023-06-11 02:44:36,343 [6] DEBUG GameServer.World.UserInfo.UserActor - OnRecvDbLink - [akka://GameServer/user/dbcordiator/gamedb0#954414170]
2023-06-11 02:44:36,344 [6] DEBUG GameServer.World.UserInfo.UserActor - OnRecvRedisLink - [akka://GameServer/user/rediscordiator/redis0#1979997998]
2023-06-11 02:45:06,485 [1] INFO  GameServer.Program - Port:8081 Server Doing. "exit" is exit
2023-06-11 02:45:06,485 [akka.actor.database-dispatcher_2] INFO  GameServer.DataBase.Redis.RedisServiceCordiatorActor - RedisServiceCordiatorActor poolCount:(1)
2023-06-11 02:45:06,485 [36] INFO  GameServer.Socket.ListenerActor - Listening on 0.0.0.0:8081
2023-06-11 02:45:06,485 [akka.actor.database-dispatcher_1] INFO  GameServer.DataBase.MySql.DbServiceCordiatorActor - DbServiceCordiatorActor poolCount:(5)
2023-06-11 02:45:06,525 [36] DEBUG GameServer.World.UserInfo.UserCordiatorActor - OnRecvAddUser RemoteAddress:192.168.0.119:10652, SessionRef:[akka://GameServer/user/listener/sessioncordiator/$a#131764588]
2023-06-11 02:45:29,691 [akka.actor.database-dispatcher_4] ERROR GameServer.DataBase.MySql.GameDbServiceActor - error connectionfactory - connectionString(host=127.0.0.1;port=3306;userid=root;password=1111;database=gamedb;)
MySqlConnector.MySqlException (0x80004005): Connect Timeout expired.
 ---> MySqlConnector.MySqlException (0x80004005): Connect Timeout expired.
   at MySqlConnector.Core.ServerSession.OpenTcpSocketAsync(ConnectionSettings cs, ILoadBalancer loadBalancer, Activity activity, IOBehavior ioBehavior, CancellationToken cancellationToken) in /_/src/MySqlConnector/Core/ServerSession.cs:line 1131
   at MySqlConnector.Core.ServerSession.ConnectAsync(ConnectionSettings cs, MySqlConnection connection, Int32 startTickCount, ILoadBalancer loadBalancer, Activity activity, IOBehavior ioBehavior, CancellationToken cancellationToken) in /_/src/MySqlConnector/Core/ServerSession.cs:line 438
   at MySqlConnector.Core.ConnectionPool.ConnectSessionAsync(MySqlConnection connection, String logMessage, Int32 startTickCount, Activity activity, IOBehavior ioBehavior, CancellationToken cancellationToken) in /_/src/MySqlConnector/Core/ConnectionPool.cs:line 403
   at MySqlConnector.Core.ConnectionPool.ConnectSessionAsync(MySqlConnection connection, String logMessage, Int32 startTickCount, Activity activity, IOBehavior ioBehavior, CancellationToken cancellationToken) in /_/src/MySqlConnector/Core/ConnectionPool.cs:line 408
   at MySqlConnector.Core.ConnectionPool.GetSessionAsync(MySqlConnection connection, Int32 startTickCount, Activity activity, IOBehavior ioBehavior, CancellationToken cancellationToken) in /_/src/MySqlConnector/Core/ConnectionPool.cs:line 98
   at MySqlConnector.Core.ConnectionPool.GetSessionAsync(MySqlConnection connection, Int32 startTickCount, Activity activity, IOBehavior ioBehavior, CancellationToken cancellationToken) in /_/src/MySqlConnector/Core/ConnectionPool.cs:line 128
   at MySqlConnector.MySqlConnection.CreateSessionAsync(ConnectionPool pool, Int32 startTickCount, Activity activity, Nullable`1 ioBehavior, CancellationToken cancellationToken) in /_/src/MySqlConnector/MySqlConnection.cs:line 929
   at MySqlConnector.MySqlConnection.CreateSessionAsync(ConnectionPool pool, Int32 startTickCount, Activity activity, Nullable`1 ioBehavior, CancellationToken cancellationToken) in /_/src/MySqlConnector/MySqlConnection.cs:line 959
   at MySqlConnector.MySqlConnection.OpenAsync(Nullable`1 ioBehavior, CancellationToken cancellationToken) in /_/src/MySqlConnector/MySqlConnection.cs:line 423
   at MySqlConnector.MySqlConnection.Open() in /_/src/MySqlConnector/MySqlConnection.cs:line 382
   at GameServer.DataBase.MySql.GameDbServiceActor.ConnectionFactory() in D:\01-git\server\ServerSolution\GameServer\DataBase\MySql\GameDbServiceActor.cs:line 84
2023-06-11 02:45:29,693 [akka.actor.database-dispatcher_1] ERROR GameServer.DataBase.MySql.GameDbServiceActor - error connectionfactory - connectionString(host=127.0.0.1;port=3306;userid=root;password=1111;database=gamedb;)
MySqlConnector.MySqlException (0x80004005): Connect Timeout expired.
 ---> MySqlConnector.MySqlException (0x80004005): Connect Timeout expired.
   at MySqlConnector.Core.ServerSession.OpenTcpSocketAsync(ConnectionSettings cs, ILoadBalancer loadBalancer, Activity activity, IOBehavior ioBehavior, CancellationToken cancellationToken) in /_/src/MySqlConnector/Core/ServerSession.cs:line 1131
   at MySqlConnector.Core.ServerSession.ConnectAsync(ConnectionSettings cs, MySqlConnection connection, Int32 startTickCount, ILoadBalancer loadBalancer, Activity activity, IOBehavior ioBehavior, CancellationToken cancellationToken) in /_/src/MySqlConnector/Core/ServerSession.cs:line 438
   at MySqlConnector.Core.ConnectionPool.ConnectSessionAsync(MySqlConnection connection, String logMessage, Int32 startTickCount, Activity activity, IOBehavior ioBehavior, CancellationToken cancellationToken) in /_/src/MySqlConnector/Core/ConnectionPool.cs:line 403
   at MySqlConnector.Core.ConnectionPool.ConnectSessionAsync(MySqlConnection connection, String logMessage, Int32 startTickCount, Activity activity, IOBehavior ioBehavior, CancellationToken cancellationToken) in /_/src/MySqlConnector/Core/ConnectionPool.cs:line 408
   at MySqlConnector.Core.ConnectionPool.GetSessionAsync(MySqlConnection connection, Int32 startTickCount, Activity activity, IOBehavior ioBehavior, CancellationToken cancellationToken) in /_/src/MySqlConnector/Core/ConnectionPool.cs:line 98
   at MySqlConnector.Core.ConnectionPool.GetSessionAsync(MySqlConnection connection, Int32 startTickCount, Activity activity, IOBehavior ioBehavior, CancellationToken cancellationToken) in /_/src/MySqlConnector/Core/ConnectionPool.cs:line 128
   at MySqlConnector.MySqlConnection.CreateSessionAsync(ConnectionPool pool, Int32 startTickCount, Activity activity, Nullable`1 ioBehavior, CancellationToken cancellationToken) in /_/src/MySqlConnector/MySqlConnection.cs:line 929
   at MySqlConnector.MySqlConnection.CreateSessionAsync(ConnectionPool pool, Int32 startTickCount, Activity activity, Nullable`1 ioBehavior, CancellationToken cancellationToken) in /_/src/MySqlConnector/MySqlConnection.cs:line 959
   at MySqlConnector.MySqlConnection.OpenAsync(Nullable`1 ioBehavior, CancellationToken cancellationToken) in /_/src/MySqlConnector/MySqlConnection.cs:line 423
   at MySqlConnector.MySqlConnection.Open() in /_/src/MySqlConnector/MySqlConnection.cs:line 382
   at GameServer.DataBase.MySql.GameDbServiceActor.ConnectionFactory() in D:\01-git\server\ServerSolution\GameServer\DataBase\MySql\GameDbServiceActor.cs:line 84
2023-06-11 02:45:30,575 [akka.actor.database-dispatcher_2] ERROR GameServer.DataBase.MySql.GameDbServiceActor - error connectionfactory - connectionString(host=127.0.0.1;port=3306;userid=root;password=1111;database=gamedb;)
MySqlConnector.MySqlException (0x80004005): SSL Authentication Error
 ---> System.Security.Authentication.AuthenticationException: Authentication failed because the remote party sent a TLS alert: 'ProtocolVersion'.
 ---> System.ComponentModel.Win32Exception (0x80090326): 예기치 않은 메시지를 받았거나 메시지의 형식이 잘못되었습니다.
   --- End of inner exception stack trace ---
   at System.Net.Security.SslStream.ForceAuthenticationAsync[TIOAdapter](Boolean receiveFirst, Byte[] reAuthenticationData, CancellationToken cancellationToken)
   at System.Net.Security.SslStream.AuthenticateAsClient(SslClientAuthenticationOptions sslClientAuthenticationOptions)
   at MySqlConnector.Core.ServerSession.InitSslAsync(ProtocolCapabilities serverCapabilities, ConnectionSettings cs, MySqlConnection connection, SslProtocols sslProtocols, IOBehavior ioBehavior, CancellationToken cancellationToken) in /_/src/MySqlConnector/Core/ServerSession.cs:line 1541
   at MySqlConnector.Core.ServerSession.InitSslAsync(ProtocolCapabilities serverCapabilities, ConnectionSettings cs, MySqlConnection connection, SslProtocols sslProtocols, IOBehavior ioBehavior, CancellationToken cancellationToken) in /_/src/MySqlConnector/Core/ServerSession.cs:line 1571
   at MySqlConnector.Core.ServerSession.ConnectAsync(ConnectionSettings cs, MySqlConnection connection, Int32 startTickCount, ILoadBalancer loadBalancer, Activity activity, IOBehavior ioBehavior, CancellationToken cancellationToken) in /_/src/MySqlConnector/Core/ServerSession.cs:line 539
   at MySqlConnector.Core.ConnectionPool.ConnectSessionAsync(MySqlConnection connection, String logMessage, Int32 startTickCount, Activity activity, IOBehavior ioBehavior, CancellationToken cancellationToken) in /_/src/MySqlConnector/Core/ConnectionPool.cs:line 403
   at MySqlConnector.Core.ConnectionPool.ConnectSessionAsync(MySqlConnection connection, String logMessage, Int32 startTickCount, Activity activity, IOBehavior ioBehavior, CancellationToken cancellationToken) in /_/src/MySqlConnector/Core/ConnectionPool.cs:line 408
   at MySqlConnector.Core.ConnectionPool.GetSessionAsync(MySqlConnection connection, Int32 startTickCount, Activity activity, IOBehavior ioBehavior, CancellationToken cancellationToken) in /_/src/MySqlConnector/Core/ConnectionPool.cs:line 98
   at MySqlConnector.Core.ConnectionPool.GetSessionAsync(MySqlConnection connection, Int32 startTickCount, Activity activity, IOBehavior ioBehavior, CancellationToken cancellationToken) in /_/src/MySqlConnector/Core/ConnectionPool.cs:line 128
   at MySqlConnector.MySqlConnection.CreateSessionAsync(ConnectionPool pool, Int32 startTickCount, Activity activity, Nullable`1 ioBehavior, CancellationToken cancellationToken) in /_/src/MySqlConnector/MySqlConnection.cs:line 929
   at MySqlConnector.MySqlConnection.OpenAsync(Nullable`1 ioBehavior, CancellationToken cancellationToken) in /_/src/MySqlConnector/MySqlConnection.cs:line 423
   at MySqlConnector.MySqlConnection.Open() in /_/src/MySqlConnector/MySqlConnection.cs:line 382
   at GameServer.DataBase.MySql.GameDbServiceActor.ConnectionFactory() in D:\01-git\server\ServerSolution\GameServer\DataBase\MySql\GameDbServiceActor.cs:line 84
2023-06-11 02:45:30,662 [akka.actor.database-dispatcher_1] ERROR GameServer.DataBase.MySql.GameDbServiceActor - fail database connect
2023-06-11 02:45:29,696 [akka.actor.database-dispatcher_3] ERROR GameServer.DataBase.MySql.GameDbServiceActor - error connectionfactory - connectionString(host=127.0.0.1;port=3306;userid=root;password=1111;database=gamedb;)
MySqlConnector.MySqlException (0x80004005): Connect Timeout expired.
 ---> MySqlConnector.MySqlException (0x80004005): Connect Timeout expired.
   at MySqlConnector.Core.ServerSession.OpenTcpSocketAsync(ConnectionSettings cs, ILoadBalancer loadBalancer, Activity activity, IOBehavior ioBehavior, CancellationToken cancellationToken) in /_/src/MySqlConnector/Core/ServerSession.cs:line 1131
   at MySqlConnector.Core.ServerSession.ConnectAsync(ConnectionSettings cs, MySqlConnection connection, Int32 startTickCount, ILoadBalancer loadBalancer, Activity activity, IOBehavior ioBehavior, CancellationToken cancellationToken) in /_/src/MySqlConnector/Core/ServerSession.cs:line 438
   at MySqlConnector.Core.ConnectionPool.ConnectSessionAsync(MySqlConnection connection, String logMessage, Int32 startTickCount, Activity activity, IOBehavior ioBehavior, CancellationToken cancellationToken) in /_/src/MySqlConnector/Core/ConnectionPool.cs:line 403
   at MySqlConnector.Core.ConnectionPool.ConnectSessionAsync(MySqlConnection connection, String logMessage, Int32 startTickCount, Activity activity, IOBehavior ioBehavior, CancellationToken cancellationToken) in /_/src/MySqlConnector/Core/ConnectionPool.cs:line 408
   at MySqlConnector.Core.ConnectionPool.GetSessionAsync(MySqlConnection connection, Int32 startTickCount, Activity activity, IOBehavior ioBehavior, CancellationToken cancellationToken) in /_/src/MySqlConnector/Core/ConnectionPool.cs:line 98
   at MySqlConnector.Core.ConnectionPool.GetSessionAsync(MySqlConnection connection, Int32 startTickCount, Activity activity, IOBehavior ioBehavior, CancellationToken cancellationToken) in /_/src/MySqlConnector/Core/ConnectionPool.cs:line 128
   at MySqlConnector.MySqlConnection.CreateSessionAsync(ConnectionPool pool, Int32 startTickCount, Activity activity, Nullable`1 ioBehavior, CancellationToken cancellationToken) in /_/src/MySqlConnector/MySqlConnection.cs:line 929
   at MySqlConnector.MySqlConnection.CreateSessionAsync(ConnectionPool pool, Int32 startTickCount, Activity activity, Nullable`1 ioBehavior, CancellationToken cancellationToken) in /_/src/MySqlConnector/MySqlConnection.cs:line 959
   at MySqlConnector.MySqlConnection.OpenAsync(Nullable`1 ioBehavior, CancellationToken cancellationToken) in /_/src/MySqlConnector/MySqlConnection.cs:line 423
   at MySqlConnector.MySqlConnection.Open() in /_/src/MySqlConnector/MySqlConnection.cs:line 382
   at GameServer.DataBase.MySql.GameDbServiceActor.ConnectionFactory() in D:\01-git\server\ServerSolution\GameServer\DataBase\MySql\GameDbServiceActor.cs:line 84
2023-06-11 02:45:30,655 [akka.actor.database-dispatcher_4] ERROR GameServer.DataBase.MySql.GameDbServiceActor - fail database connect
2023-06-11 02:45:30,815 [50] INFO  GameServer.World.UserInfo.UserActor - OnRecvPacket - message(ServerEnterRequest) data({"MessageSize":0,"ConnectedResponse":null,"ServerEnterRequest":{"SessionKey":"1234567"},"ServerEnterResponse":null,"MapEnterRequest":null,"MapEnterResponse":null,"SayRequest":null,"SayResponse":null,"PayloadCase":12})
2023-06-11 02:45:30,819 [akka.actor.database-dispatcher_2] ERROR GameServer.DataBase.MySql.GameDbServiceActor - fail database connect
2023-06-11 02:45:30,822 [akka.actor.database-dispatcher_3] ERROR GameServer.DataBase.MySql.GameDbServiceActor - fail database connect
2023-06-11 02:45:58,557 [1] INFO  GameServer.Program - Port:8081 Server Doing. "exit" is exit
2023-06-11 02:45:58,557 [9] INFO  GameServer.Socket.ListenerActor - Listening on 0.0.0.0:8081
2023-06-11 02:45:58,557 [akka.actor.database-dispatcher_2] INFO  GameServer.DataBase.Redis.RedisServiceCordiatorActor - RedisServiceCordiatorActor poolCount:(1)
2023-06-11 02:45:58,557 [akka.actor.database-dispatcher_1] INFO  GameServer.DataBase.MySql.DbServiceCordiatorActor - DbServiceCordiatorActor poolCount:(5)
2023-06-11 02:45:58,602 [11] DEBUG GameServer.World.UserInfo.UserCordiatorActor - OnRecvAddUser RemoteAddress:192.168.0.119:10738, SessionRef:[akka://GameServer/user/listener/sessioncordiator/$a#657304536]
2023-06-11 02:46:09,218 [4] INFO  GameServer.World.UserInfo.UserActor - OnRecvPacket - message(ServerEnterRequest) data({"MessageSize":0,"ConnectedResponse":null,"ServerEnterRequest":{"SessionKey":"1234567"},"ServerEnterResponse":null,"MapEnterRequest":null,"MapEnterResponse":null,"SayRequest":null,"SayResponse":null,"PayloadCase":12})
2023-06-11 02:46:10,585 [4] DEBUG GameServer.World.UserInfo.UserActor - OnRecvRedisLink - [akka://GameServer/user/rediscordiator/redis0#22396151]
2023-06-11 02:46:15,235 [4] DEBUG GameServer.World.UserInfo.UserActor - OnRecvDbLink - [akka://GameServer/user/dbcordiator/gamedb0#1144295970]
2023-06-11 03:00:18,936 [36] INFO  GameServer.Socket.ListenerActor - Listening on 0.0.0.0:8081
2023-06-11 03:00:18,936 [akka.actor.database-dispatcher_1] INFO  GameServer.DataBase.MySql.DbServiceCordiatorActor - DbServiceCordiatorActor poolCount:(5)
2023-06-11 03:00:18,936 [1] INFO  GameServer.Program - Port:8081 Server Doing. "exit" is exit
2023-06-11 03:00:18,936 [akka.actor.database-dispatcher_2] INFO  GameServer.DataBase.Redis.RedisServiceCordiatorActor - RedisServiceCordiatorActor poolCount:(1)
2023-06-11 03:00:18,983 [36] DEBUG GameServer.World.UserInfo.UserCordiatorActor - OnRecvAddUser RemoteAddress:192.168.0.119:12317, SessionRef:[akka://GameServer/user/listener/sessioncordiator/$a#133607195]
2023-06-11 03:00:22,282 [37] DEBUG GameServer.World.UserInfo.UserActor - OnRecvDbLink - [akka://GameServer/user/dbcordiator/gamedb0#1159191023]
2023-06-11 03:00:22,283 [37] DEBUG GameServer.World.UserInfo.UserActor - OnRecvRedisLink - [akka://GameServer/user/rediscordiator/redis0#37291204]
2023-06-11 03:00:22,322 [37] INFO  GameServer.World.UserInfo.UserActor - Tell - message(ConnectedResponse) data({"MessageSize":0,"ConnectedResponse":{"Index":0},"ServerEnterRequest":null,"ServerEnterResponse":null,"MapEnterRequest":null,"MapEnterResponse":null,"SayRequest":null,"SayResponse":null,"PayloadCase":11})
2023-06-11 03:00:22,382 [11] INFO  GameServer.World.UserInfo.UserActor - OnRecvPacket - message(ServerEnterRequest) data({"MessageSize":0,"ConnectedResponse":null,"ServerEnterRequest":{"SessionKey":"1234567"},"ServerEnterResponse":null,"MapEnterRequest":null,"MapEnterResponse":null,"SayRequest":null,"SayResponse":null,"PayloadCase":12})
2023-06-11 03:00:22,384 [akka.actor.database-dispatcher_1] DEBUG GameServer.DataBase.Redis.RedisServiceActor - vals = user_uid:: 1001
2023-06-11 03:00:22,384 [akka.actor.database-dispatcher_1] DEBUG GameServer.DataBase.Redis.RedisServiceActor - vals = user_id:: test
2023-06-11 03:00:22,384 [akka.actor.database-dispatcher_1] DEBUG GameServer.DataBase.Redis.RedisServiceActor - vals = update_time:: 2023-06-11 오전 3:00:18
2023-06-11 03:00:22,387 [11] INFO  GameServer.World.UserInfo.UserActor - Tell - message(ServerEnterResponse) data({"MessageSize":0,"ConnectedResponse":null,"ServerEnterRequest":null,"ServerEnterResponse":{"UserUid":1001,"UserId":"test"},"MapEnterRequest":null,"MapEnterResponse":null,"SayRequest":null,"SayResponse":null,"PayloadCase":13})
2023-06-11 03:00:23,976 [11] DEBUG GameServer.World.UserInfo.UserActor - OnRecvSelectReponse 3, 1001
2023-06-11 03:00:45,912 [11] INFO  GameServer.World.UserInfo.UserActor - OnRecvPacket - message(MapEnterRequest) data({"MessageSize":0,"ConnectedResponse":null,"ServerEnterRequest":null,"ServerEnterResponse":null,"MapEnterRequest":{"MapIndex":1001},"MapEnterResponse":null,"SayRequest":null,"SayResponse":null,"PayloadCase":14})
2023-06-11 03:00:49,394 [36] INFO  GameServer.World.UserInfo.UserActor - OnRecvPacket - message(SayRequest) data({"MessageSize":0,"ConnectedResponse":null,"ServerEnterRequest":null,"ServerEnterResponse":null,"MapEnterRequest":null,"MapEnterResponse":null,"SayRequest":{"UserUid":0,"UserId":"test","Message":"12312\u0000"},"SayResponse":null,"PayloadCase":16})
2023-06-11 03:00:49,396 [36] INFO  GameServer.World.UserInfo.UserActor - BroardcastTell- message(SayResponse) data({"MessageSize":0,"ConnectedResponse":null,"ServerEnterRequest":null,"ServerEnterResponse":null,"MapEnterRequest":null,"MapEnterResponse":null,"SayRequest":null,"SayResponse":{"UserId":"test","Message":"12312\u0000"},"PayloadCase":17})
