2023-06-17 22:33:10,391 [1] INFO  GameServer.Program - Port:8081 Server Doing. "exit" is exit
2023-06-17 22:33:10,391 [akka.actor.database-dispatcher_1] INFO  GameServer.DataBase.MySql.DbServiceCordiatorActor - DbServiceCordiatorActor poolCount:(5)
2023-06-17 22:33:10,391 [akka.actor.database-dispatcher_2] INFO  GameServer.DataBase.Redis.RedisServiceCordiatorActor - RedisServiceCordiatorActor poolCount:(5)
2023-06-17 22:33:10,391 [akka.actor.common-dispatcher_1] INFO  GameServer.Socket.ListenerActor - Listening on 0.0.0.0:8081
2023-06-17 22:33:11,225 [akka.actor.player-dispatcher_1] DEBUG GameServer.World.UserInfo.UserCordiatorActor - OnRecvAddUser RemoteAddress:192.168.0.119:8871, SessionRef:[akka://GameServer/user/listener/sessioncordiator/$a#277343326]
2023-06-17 22:33:11,229 [akka.actor.player-dispatcher_4] DEBUG GameServer.World.UserInfo.UserActor - OnRecvDbLink - [akka://GameServer/user/dbcordiator/gamedb0#181027335]
2023-06-17 22:33:11,230 [akka.actor.player-dispatcher_5] DEBUG GameServer.World.UserInfo.UserActor - OnRecvRedisLink - [akka://GameServer/user/rediscordiator/redis0#1302927154]
2023-06-17 22:33:11,280 [akka.actor.player-dispatcher_5] INFO  GameServer.World.UserInfo.UserActor - Client<-Server - message(ConnectedResponse) data({"MessageSize":0,"ConnectedResponse":{"Index":0},"ServerEnterRequest":null,"ServerEnterResponse":null,"MapEnterRequest":null,"MapEnterResponse":null,"SayRequest":null,"SayResponse":null,"PayloadCase":11})
2023-06-17 22:33:11,359 [akka.actor.player-dispatcher_1] INFO  GameServer.World.UserInfo.UserActor - Client->Server - message(ServerEnterRequest) data({"MessageSize":0,"ConnectedResponse":null,"ServerEnterRequest":{"SessionKey":"1234567"},"ServerEnterResponse":null,"MapEnterRequest":null,"MapEnterResponse":null,"SayRequest":null,"SayResponse":null,"PayloadCase":12})
2023-06-17 22:33:11,390 [akka.actor.player-dispatcher_1] INFO  GameServer.World.UserInfo.UserActor - Client<-Server - message(ServerEnterResponse) data({"MessageSize":0,"ConnectedResponse":null,"ServerEnterRequest":null,"ServerEnterResponse":{"UserUid":1001,"UserId":"test1001"},"MapEnterRequest":null,"MapEnterResponse":null,"SayRequest":null,"SayResponse":null,"PayloadCase":13})
2023-06-17 22:33:11,402 [akka.actor.player-dispatcher_1] INFO  GameServer.World.UserInfo.UserActor - Client->Server - message(MapEnterRequest) data({"MessageSize":0,"ConnectedResponse":null,"ServerEnterRequest":null,"ServerEnterResponse":null,"MapEnterRequest":{"MapIndex":1001},"MapEnterResponse":null,"SayRequest":null,"SayResponse":null,"PayloadCase":14})
2023-06-17 22:43:00,517 [1] INFO  GameServer.Program - Port:8081 Server Doing. "exit" is exit
2023-06-17 22:43:00,517 [akka.actor.common-dispatcher_1] INFO  GameServer.Socket.ListenerActor - Listening on 0.0.0.0:8081
2023-06-17 22:43:00,517 [akka.actor.database-dispatcher_3] INFO  GameServer.DataBase.Redis.RedisServiceCordiatorActor - RedisServiceCordiatorActor poolCount:(5)
2023-06-17 22:43:00,517 [akka.actor.database-dispatcher_1] INFO  GameServer.DataBase.MySql.DbServiceCordiatorActor - DbServiceCordiatorActor poolCount:(5)
2023-06-17 22:43:01,988 [akka.actor.player-dispatcher_1] DEBUG GameServer.World.UserInfo.UserCordiatorActor - OnRecvAddUser RemoteAddress:192.168.0.119:9857, SessionRef:[akka://GameServer/user/listener/sessioncordiator/$a#2136288358]
2023-06-17 22:43:01,992 [akka.actor.player-dispatcher_4] DEBUG GameServer.World.UserInfo.UserActor - OnRecvDbLink - [akka://GameServer/user/dbcordiator/gamedb0#2039972367]
2023-06-17 22:43:01,993 [akka.actor.player-dispatcher_5] DEBUG GameServer.World.UserInfo.UserActor - OnRecvRedisLink - [akka://GameServer/user/rediscordiator/redis0#918072548]
2023-06-17 22:43:02,037 [akka.actor.player-dispatcher_5] INFO  GameServer.World.UserInfo.UserActor - Client<-Server - message(ConnectedResponse) data({"MessageSize":0,"ConnectedResponse":{"Index":0},"ServerEnterRequest":null,"ServerEnterResponse":null,"MapEnterRequest":null,"MapEnterResponse":null,"SayRequest":null,"SayResponse":null,"PayloadCase":11})
2023-06-17 22:43:02,096 [akka.actor.player-dispatcher_1] INFO  GameServer.World.UserInfo.UserActor - Client->Server - message(ServerEnterRequest) data({"MessageSize":0,"ConnectedResponse":null,"ServerEnterRequest":{"SessionKey":"1234567"},"ServerEnterResponse":null,"MapEnterRequest":null,"MapEnterResponse":null,"SayRequest":null,"SayResponse":null,"PayloadCase":12})
2023-06-17 22:43:02,109 [akka.actor.player-dispatcher_1] INFO  GameServer.World.UserInfo.UserActor - Client<-Server - message(ServerEnterResponse) data({"MessageSize":0,"ConnectedResponse":null,"ServerEnterRequest":null,"ServerEnterResponse":{"UserUid":1001,"UserId":"test1001"},"MapEnterRequest":null,"MapEnterResponse":null,"SayRequest":null,"SayResponse":null,"PayloadCase":13})
2023-06-17 22:43:02,122 [akka.actor.player-dispatcher_1] INFO  GameServer.World.UserInfo.UserActor - Client->Server - message(MapEnterRequest) data({"MessageSize":0,"ConnectedResponse":null,"ServerEnterRequest":null,"ServerEnterResponse":null,"MapEnterRequest":{"MapIndex":1001},"MapEnterResponse":null,"SayRequest":null,"SayResponse":null,"PayloadCase":14})
2023-06-17 22:43:02,123 [akka.actor.player-dispatcher_3] DEBUG GameServer.World.UserInfo.UserActor - MapActor.EnterMapResponse userUid:1001
2023-06-17 23:13:40,681 [1] INFO  GameServer.Program - Port:8081 Server Doing. "exit" is exit
2023-06-17 23:13:40,681 [akka.actor.database-dispatcher_1] INFO  GameServer.DataBase.MySql.DbServiceCordiatorActor - DbServiceCordiatorActor poolCount:(5)
2023-06-17 23:13:40,681 [akka.actor.database-dispatcher_3] INFO  GameServer.DataBase.Redis.RedisServiceCordiatorActor - RedisServiceCordiatorActor poolCount:(5)
2023-06-17 23:13:40,681 [akka.actor.common-dispatcher_1] INFO  GameServer.Socket.ListenerActor - Listening on 0.0.0.0:8081
2023-06-17 23:13:42,149 [akka.actor.player-dispatcher_1] DEBUG GameServer.World.UserInfo.UserCordiatorActor - OnRecvAddUser RemoteAddress:192.168.0.119:13042, SessionRef:[akka://GameServer/user/listener/sessioncordiator/$a#691638552]
2023-06-17 23:13:42,153 [akka.actor.player-dispatcher_4] DEBUG GameServer.World.UserInfo.UserActor - OnRecvDbLink - [akka://GameServer/user/dbcordiator/gamedb0#595322561]
2023-06-17 23:13:42,153 [akka.actor.player-dispatcher_5] DEBUG GameServer.World.UserInfo.UserActor - OnRecvRedisLink - [akka://GameServer/user/rediscordiator/redis0#1620906389]
2023-06-17 23:13:42,195 [akka.actor.player-dispatcher_5] INFO  GameServer.World.UserInfo.UserActor - Client<-Server - message(ConnectedResponse) data({"MessageSize":0,"ConnectedResponse":{"Index":0},"ServerEnterRequest":null,"ServerEnterResponse":null,"MapEnterRequest":null,"MapEnterResponse":null,"SayRequest":null,"SayResponse":null,"PayloadCase":11})
2023-06-17 23:13:42,254 [akka.actor.player-dispatcher_1] INFO  GameServer.World.UserInfo.UserActor - Client->Server - message(ServerEnterRequest) data({"MessageSize":0,"ConnectedResponse":null,"ServerEnterRequest":{"SessionKey":"1234567"},"ServerEnterResponse":null,"MapEnterRequest":null,"MapEnterResponse":null,"SayRequest":null,"SayResponse":null,"PayloadCase":12})
2023-06-17 23:13:42,267 [akka.actor.player-dispatcher_1] INFO  GameServer.World.UserInfo.UserActor - Client<-Server - message(ServerEnterResponse) data({"MessageSize":0,"ConnectedResponse":null,"ServerEnterRequest":null,"ServerEnterResponse":{"UserUid":1001,"UserId":"test1001"},"MapEnterRequest":null,"MapEnterResponse":null,"SayRequest":null,"SayResponse":null,"PayloadCase":13})
2023-06-17 23:13:42,280 [akka.actor.player-dispatcher_1] INFO  GameServer.World.UserInfo.UserActor - Client->Server - message(MapEnterRequest) data({"MessageSize":0,"ConnectedResponse":null,"ServerEnterRequest":null,"ServerEnterResponse":null,"MapEnterRequest":{"MapIndex":1001},"MapEnterResponse":null,"SayRequest":null,"SayResponse":null,"PayloadCase":14})
2023-06-17 23:13:42,281 [akka.actor.player-dispatcher_3] DEBUG GameServer.World.UserInfo.UserActor - MapActor.EnterMapResponse userUid:1001
2023-06-17 23:13:46,582 [akka.actor.player-dispatcher_1] INFO  GameServer.World.UserInfo.UserActor - Client->Server - message(SayRequest) data({"MessageSize":0,"ConnectedResponse":null,"ServerEnterRequest":null,"ServerEnterResponse":null,"MapEnterRequest":null,"MapEnterResponse":null,"SayRequest":{"UserUid":0,"UserId":"test1001","Message":"mapenter"},"SayResponse":null,"PayloadCase":16})
2023-06-17 23:13:46,584 [akka.actor.player-dispatcher_1] INFO  GameServer.World.UserInfo.UserActor - Client<-Server - message(SayResponse) data({"MessageSize":0,"ConnectedResponse":null,"ServerEnterRequest":null,"ServerEnterResponse":null,"MapEnterRequest":null,"MapEnterResponse":null,"SayRequest":null,"SayResponse":{"UserId":"test1001","Message":"mapenter"},"PayloadCase":17})
2023-06-17 23:13:48,028 [4] DEBUG GameServer.World.Map.MapActor - MapActor.UserNotification
2023-06-17 23:26:47,963 [akka.actor.database-dispatcher_3] INFO  GameServer.DataBase.Redis.RedisServiceCordiatorActor - RedisServiceCordiatorActor poolCount:(5)
2023-06-17 23:26:47,963 [akka.actor.database-dispatcher_1] INFO  GameServer.DataBase.MySql.DbServiceCordiatorActor - DbServiceCordiatorActor poolCount:(5)
2023-06-17 23:26:47,963 [akka.actor.common-dispatcher_1] INFO  GameServer.Socket.ListenerActor - Listening on 0.0.0.0:8081
2023-06-17 23:26:47,963 [1] INFO  GameServer.Program - Port:8081 Server Doing. "exit" is exit
2023-06-17 23:26:49,408 [akka.actor.player-dispatcher_1] DEBUG GameServer.World.UserInfo.UserCordiatorActor - OnRecvAddUser RemoteAddress:192.168.0.119:14554, SessionRef:[akka://GameServer/user/listener/sessioncordiator/$a#1980547963]
2023-06-17 23:26:49,412 [akka.actor.player-dispatcher_4] DEBUG GameServer.World.UserInfo.UserActor - OnRecvDbLink - [akka://GameServer/user/dbcordiator/gamedb0#762332153]
2023-06-17 23:26:49,413 [akka.actor.player-dispatcher_5] DEBUG GameServer.World.UserInfo.UserActor - OnRecvRedisLink - [akka://GameServer/user/rediscordiator/redis0#1884231972]
2023-06-17 23:26:49,454 [akka.actor.player-dispatcher_5] INFO  GameServer.World.UserInfo.UserActor - Client<-Server - message(ConnectedResponse) data({"MessageSize":0,"ConnectedResponse":{"Index":0},"ServerEnterRequest":null,"ServerEnterResponse":null,"MapEnterRequest":null,"MapEnterResponse":null,"SayRequest":null,"SayResponse":null,"PayloadCase":11})
2023-06-17 23:26:49,512 [akka.actor.player-dispatcher_1] INFO  GameServer.World.UserInfo.UserActor - Client->Server - message(ServerEnterRequest) data({"MessageSize":0,"ConnectedResponse":null,"ServerEnterRequest":{"SessionKey":"1234567"},"ServerEnterResponse":null,"MapEnterRequest":null,"MapEnterResponse":null,"SayRequest":null,"SayResponse":null,"PayloadCase":12})
2023-06-17 23:26:49,524 [akka.actor.player-dispatcher_1] INFO  GameServer.World.UserInfo.UserActor - Client<-Server - message(ServerEnterResponse) data({"MessageSize":0,"ConnectedResponse":null,"ServerEnterRequest":null,"ServerEnterResponse":{"UserUid":1001,"UserId":"test1001"},"MapEnterRequest":null,"MapEnterResponse":null,"SayRequest":null,"SayResponse":null,"PayloadCase":13})
2023-06-17 23:26:49,536 [akka.actor.player-dispatcher_1] INFO  GameServer.World.UserInfo.UserActor - Client->Server - message(MapEnterRequest) data({"MessageSize":0,"ConnectedResponse":null,"ServerEnterRequest":null,"ServerEnterResponse":null,"MapEnterRequest":{"MapIndex":1001},"MapEnterResponse":null,"SayRequest":null,"SayResponse":null,"PayloadCase":14})
2023-06-17 23:26:49,538 [6] DEBUG GameServer.World.Map.MapActor - MapActor.enterMapRequest userUid:1001
2023-06-17 23:26:49,538 [akka.actor.player-dispatcher_3] DEBUG GameServer.World.UserInfo.UserActor - MapActor.EnterMapResponse userUid:1001
2023-06-17 23:26:52,917 [akka.actor.player-dispatcher_4] INFO  GameServer.World.UserInfo.UserActor - Client->Server - message(SayRequest) data({"MessageSize":0,"ConnectedResponse":null,"ServerEnterRequest":null,"ServerEnterResponse":null,"MapEnterRequest":null,"MapEnterResponse":null,"SayRequest":{"UserUid":0,"UserId":"test1001","Message":"mapenter"},"SayResponse":null,"PayloadCase":16})
2023-06-17 23:26:52,919 [akka.actor.player-dispatcher_4] INFO  GameServer.World.UserInfo.UserActor - Client<-Server - message(SayResponse) data({"MessageSize":0,"ConnectedResponse":null,"ServerEnterRequest":null,"ServerEnterResponse":null,"MapEnterRequest":null,"MapEnterResponse":null,"SayRequest":null,"SayResponse":{"UserId":"test1001","Message":"mapenter"},"PayloadCase":17})
2023-06-17 23:26:52,919 [6] DEBUG GameServer.World.Map.MapActor - MapActor.UserNotification
2023-06-17 23:26:56,732 [akka.actor.common-dispatcher_8] DEBUG GameServer.Socket.SessionActor - [akka://GameServer/system/IO-TCP/$a/$a#858648144] closed
2023-06-17 23:26:56,732 [akka.actor.common-dispatcher_8] DEBUG GameServer.Socket.SessionActor - SessionActor.PostStop
2023-06-17 23:26:56,739 [akka.actor.common-dispatcher_9] INFO  GameServer.Socket.SessionCordiatorActor - client disconnected:192.168.0.119:14554
2023-06-17 23:26:56,746 [6] DEBUG GameServer.World.Map.MapActor - MapActor.LeaveMapRequest userUid:1001
