2023-06-13 00:00:09,490 [1] INFO  GameServer.Program - Port:8081 Server Doing. "exit" is exit
2023-06-13 00:00:09,490 [7] INFO  GameServer.Socket.ListenerActor - Listening on 0.0.0.0:8081
2023-06-13 00:00:09,490 [akka.actor.database-dispatcher_3] INFO  GameServer.DataBase.MySql.DbServiceCordiatorActor - DbServiceCordiatorActor poolCount:(5)
2023-06-13 00:00:09,490 [akka.actor.database-dispatcher_4] INFO  GameServer.DataBase.Redis.RedisServiceCordiatorActor - RedisServiceCordiatorActor poolCount:(5)
2023-06-13 00:00:11,353 [10] DEBUG GameServer.World.UserInfo.UserCordiatorActor - OnRecvAddUser RemoteAddress:192.168.0.119:13702, SessionRef:[akka://GameServer/user/listener/sessioncordiator/$a#720979767]
2023-06-13 00:00:11,357 [36] DEBUG GameServer.World.UserInfo.UserActor - OnRecvDbLink - [akka://GameServer/user/dbcordiator/gamedb0#772278399]
2023-06-13 00:00:11,357 [36] DEBUG GameServer.World.UserInfo.UserActor - OnRecvRedisLink - [akka://GameServer/user/rediscordiator/redis0#1894178218]
2023-06-13 00:00:11,395 [36] INFO  GameServer.World.UserInfo.UserActor - Client<-Server - message(ConnectedResponse) data({"MessageSize":0,"ConnectedResponse":{"Index":0},"ServerEnterRequest":null,"ServerEnterResponse":null,"MapEnterRequest":null,"MapEnterResponse":null,"SayRequest":null,"SayResponse":null,"PayloadCase":11})
2023-06-13 00:00:11,456 [11] INFO  GameServer.World.UserInfo.UserActor - Client->Server - message(ServerEnterRequest) data({"MessageSize":0,"ConnectedResponse":null,"ServerEnterRequest":{"SessionKey":"1234567"},"ServerEnterResponse":null,"MapEnterRequest":null,"MapEnterResponse":null,"SayRequest":null,"SayResponse":null,"PayloadCase":12})
2023-06-13 00:00:11,468 [11] INFO  GameServer.World.UserInfo.UserActor - Client<-Server - message(ServerEnterResponse) data({"MessageSize":0,"ConnectedResponse":null,"ServerEnterRequest":null,"ServerEnterResponse":{"UserUid":1001,"UserId":"test1001"},"MapEnterRequest":null,"MapEnterResponse":null,"SayRequest":null,"SayResponse":null,"PayloadCase":13})
2023-06-13 00:00:11,477 [36] INFO  GameServer.World.UserInfo.UserActor - Client->Server - message(MapEnterRequest) data({"MessageSize":0,"ConnectedResponse":null,"ServerEnterRequest":null,"ServerEnterResponse":null,"MapEnterRequest":{"MapIndex":1001},"MapEnterResponse":null,"SayRequest":null,"SayResponse":null,"PayloadCase":14})
2023-06-13 00:00:14,100 [akka.actor.database-dispatcher_4] INFO  GameServer.DataBase.MySql.GameDbServiceActor - GameDbServiceActor.poststop() - name(gamedb3)
2023-06-13 00:00:14,100 [akka.actor.database-dispatcher_3] INFO  GameServer.DataBase.MySql.GameDbServiceActor - GameDbServiceActor.poststop() - name(gamedb0)
2023-06-13 00:00:14,110 [akka.actor.database-dispatcher_2] INFO  GameServer.DataBase.MySql.GameDbServiceActor - GameDbServiceActor.poststop() - name(gamedb2)
2023-06-13 00:00:14,110 [akka.actor.database-dispatcher_1] INFO  GameServer.DataBase.MySql.GameDbServiceActor - GameDbServiceActor.poststop() - name(gamedb4)
2023-06-13 00:00:14,110 [akka.actor.database-dispatcher_4] INFO  GameServer.DataBase.MySql.GameDbServiceActor - GameDbServiceActor.poststop() - name(gamedb1)
2023-06-13 00:00:46,831 [akka.actor.database-dispatcher_1] INFO  GameServer.DataBase.Redis.RedisServiceCordiatorActor - RedisServiceCordiatorActor poolCount:(5)
2023-06-13 00:00:46,831 [1] INFO  GameServer.Program - Port:8081 Server Doing. "exit" is exit
2023-06-13 00:00:46,831 [7] INFO  GameServer.Socket.ListenerActor - Listening on 0.0.0.0:8081
2023-06-13 00:00:46,831 [akka.actor.database-dispatcher_3] INFO  GameServer.DataBase.MySql.DbServiceCordiatorActor - DbServiceCordiatorActor poolCount:(5)
2023-06-13 00:00:48,588 [37] DEBUG GameServer.World.UserInfo.UserCordiatorActor - OnRecvAddUser RemoteAddress:192.168.0.119:13801, SessionRef:[akka://GameServer/user/listener/sessioncordiator/$a#250642291]
2023-06-13 00:00:48,591 [36] DEBUG GameServer.World.UserInfo.UserActor - OnRecvDbLink - [akka://GameServer/user/dbcordiator/gamedb0#1672865666]
2023-06-13 00:00:48,592 [36] DEBUG GameServer.World.UserInfo.UserActor - OnRecvRedisLink - [akka://GameServer/user/rediscordiator/redis0#647281838]
2023-06-13 00:00:48,629 [36] INFO  GameServer.World.UserInfo.UserActor - Client<-Server - message(ConnectedResponse) data({"MessageSize":0,"ConnectedResponse":{"Index":0},"ServerEnterRequest":null,"ServerEnterResponse":null,"MapEnterRequest":null,"MapEnterResponse":null,"SayRequest":null,"SayResponse":null,"PayloadCase":11})
2023-06-13 00:00:48,684 [36] INFO  GameServer.World.UserInfo.UserActor - Client->Server - message(ServerEnterRequest) data({"MessageSize":0,"ConnectedResponse":null,"ServerEnterRequest":{"SessionKey":"1234567"},"ServerEnterResponse":null,"MapEnterRequest":null,"MapEnterResponse":null,"SayRequest":null,"SayResponse":null,"PayloadCase":12})
2023-06-13 00:00:48,697 [36] INFO  GameServer.World.UserInfo.UserActor - Client<-Server - message(ServerEnterResponse) data({"MessageSize":0,"ConnectedResponse":null,"ServerEnterRequest":null,"ServerEnterResponse":{"UserUid":1001,"UserId":"test1001"},"MapEnterRequest":null,"MapEnterResponse":null,"SayRequest":null,"SayResponse":null,"PayloadCase":13})
2023-06-13 00:00:48,707 [37] INFO  GameServer.World.UserInfo.UserActor - Client->Server - message(MapEnterRequest) data({"MessageSize":0,"ConnectedResponse":null,"ServerEnterRequest":null,"ServerEnterResponse":null,"MapEnterRequest":{"MapIndex":1001},"MapEnterResponse":null,"SayRequest":null,"SayResponse":null,"PayloadCase":14})
2023-06-13 00:00:52,106 [akka.actor.database-dispatcher_1] INFO  GameServer.DataBase.MySql.GameDbServiceActor - GameDbServiceActor.poststop() - name(gamedb0)
2023-06-13 00:00:52,106 [akka.actor.database-dispatcher_3] INFO  GameServer.DataBase.MySql.GameDbServiceActor - GameDbServiceActor.poststop() - name(gamedb2)
2023-06-13 00:00:52,106 [akka.actor.database-dispatcher_4] INFO  GameServer.DataBase.MySql.GameDbServiceActor - GameDbServiceActor.poststop() - name(gamedb1)
2023-06-13 00:00:52,106 [akka.actor.database-dispatcher_2] INFO  GameServer.DataBase.MySql.GameDbServiceActor - GameDbServiceActor.poststop() - name(gamedb4)
2023-06-13 00:00:52,106 [akka.actor.database-dispatcher_1] INFO  GameServer.DataBase.MySql.GameDbServiceActor - GameDbServiceActor.poststop() - name(gamedb3)
2023-06-13 00:00:52,106 [5] INFO  GameServer.Socket.ListenerActor - PostStop ListenerActor
2023-06-13 00:01:15,177 [akka.actor.database-dispatcher_3] INFO  GameServer.DataBase.MySql.DbServiceCordiatorActor - DbServiceCordiatorActor poolCount:(5)
2023-06-13 00:01:15,178 [akka.actor.database-dispatcher_4] INFO  GameServer.DataBase.Redis.RedisServiceCordiatorActor - RedisServiceCordiatorActor poolCount:(5)
2023-06-13 00:01:15,177 [1] INFO  GameServer.Program - Port:8081 Server Doing. "exit" is exit
2023-06-13 00:01:15,178 [4] INFO  GameServer.Socket.ListenerActor - Listening on 0.0.0.0:8081
2023-06-13 00:01:18,246 [51] INFO  GameServer.Socket.ListenerActor - PostStop ListenerActor
2023-06-13 00:01:18,251 [akka.actor.database-dispatcher_1] INFO  GameServer.DataBase.MySql.GameDbServiceActor - GameDbServiceActor.poststop() - name(gamedb1)
2023-06-13 00:01:18,251 [akka.actor.database-dispatcher_3] INFO  GameServer.DataBase.MySql.GameDbServiceActor - GameDbServiceActor.poststop() - name(gamedb3)
2023-06-13 00:01:18,251 [akka.actor.database-dispatcher_2] INFO  GameServer.DataBase.MySql.GameDbServiceActor - GameDbServiceActor.poststop() - name(gamedb2)
2023-06-13 00:01:18,251 [akka.actor.database-dispatcher_1] INFO  GameServer.DataBase.MySql.GameDbServiceActor - GameDbServiceActor.poststop() - name(gamedb0)
2023-06-13 00:01:18,251 [akka.actor.database-dispatcher_4] INFO  GameServer.DataBase.MySql.GameDbServiceActor - GameDbServiceActor.poststop() - name(gamedb4)
2023-06-13 00:01:34,894 [akka.actor.database-dispatcher_3] INFO  GameServer.DataBase.MySql.DbServiceCordiatorActor - DbServiceCordiatorActor poolCount:(5)
2023-06-13 00:01:34,894 [akka.actor.database-dispatcher_1] INFO  GameServer.DataBase.Redis.RedisServiceCordiatorActor - RedisServiceCordiatorActor poolCount:(5)
2023-06-13 00:01:34,894 [1] INFO  GameServer.Program - Port:8081 Server Doing. "exit" is exit
2023-06-13 00:01:34,894 [9] INFO  GameServer.Socket.ListenerActor - Listening on 0.0.0.0:8081
2023-06-13 00:01:38,274 [akka.actor.database-dispatcher_3] INFO  GameServer.DataBase.MySql.GameDbServiceActor - GameDbServiceActor.poststop() - name(gamedb0)
2023-06-13 00:01:38,274 [akka.actor.database-dispatcher_1] INFO  GameServer.DataBase.MySql.GameDbServiceActor - GameDbServiceActor.poststop() - name(gamedb3)
2023-06-13 00:01:38,274 [akka.actor.database-dispatcher_4] INFO  GameServer.DataBase.MySql.GameDbServiceActor - GameDbServiceActor.poststop() - name(gamedb4)
2023-06-13 00:01:38,274 [akka.actor.database-dispatcher_2] INFO  GameServer.DataBase.MySql.GameDbServiceActor - GameDbServiceActor.poststop() - name(gamedb1)
2023-06-13 00:01:38,282 [akka.actor.database-dispatcher_3] INFO  GameServer.DataBase.MySql.GameDbServiceActor - GameDbServiceActor.poststop() - name(gamedb2)
2023-06-13 00:01:38,283 [6] INFO  GameServer.Socket.ListenerActor - PostStop ListenerActor
2023-06-13 00:04:28,553 [1] INFO  GameServer.Program - Port:8081 Server Doing. "exit" is exit
2023-06-13 00:04:28,553 [10] INFO  GameServer.Socket.ListenerActor - Listening on 0.0.0.0:8081
2023-06-13 00:04:28,553 [akka.actor.database-dispatcher_1] INFO  GameServer.DataBase.Redis.RedisServiceCordiatorActor - RedisServiceCordiatorActor poolCount:(5)
2023-06-13 00:04:28,553 [akka.actor.database-dispatcher_3] INFO  GameServer.DataBase.MySql.DbServiceCordiatorActor - DbServiceCordiatorActor poolCount:(5)
2023-06-13 00:04:30,656 [akka.actor.database-dispatcher_1] INFO  GameServer.DataBase.MySql.GameDbServiceActor - GameDbServiceActor.poststop() - name(gamedb1)
2023-06-13 00:04:30,656 [akka.actor.database-dispatcher_4] INFO  GameServer.DataBase.MySql.GameDbServiceActor - GameDbServiceActor.poststop() - name(gamedb3)
2023-06-13 00:04:30,656 [akka.actor.database-dispatcher_2] INFO  GameServer.DataBase.MySql.GameDbServiceActor - GameDbServiceActor.poststop() - name(gamedb4)
2023-06-13 00:04:30,661 [50] INFO  GameServer.Socket.ListenerActor - PostStop ListenerActor
2023-06-13 00:04:30,662 [akka.actor.database-dispatcher_1] INFO  GameServer.DataBase.MySql.GameDbServiceActor - GameDbServiceActor.poststop() - name(gamedb0)
2023-06-13 00:04:30,662 [akka.actor.database-dispatcher_4] INFO  GameServer.DataBase.MySql.GameDbServiceActor - GameDbServiceActor.poststop() - name(gamedb2)
2023-06-13 00:04:36,205 [akka.actor.database-dispatcher_2] INFO  GameServer.DataBase.Redis.RedisServiceCordiatorActor - RedisServiceCordiatorActor poolCount:(5)
2023-06-13 00:04:36,205 [9] INFO  GameServer.Socket.ListenerActor - Listening on 0.0.0.0:8081
2023-06-13 00:04:36,205 [akka.actor.database-dispatcher_1] INFO  GameServer.DataBase.MySql.DbServiceCordiatorActor - DbServiceCordiatorActor poolCount:(5)
2023-06-13 00:04:36,205 [1] INFO  GameServer.Program - Port:8081 Server Doing. "exit" is exit
2023-06-13 00:04:42,189 [akka.actor.database-dispatcher_3] INFO  GameServer.DataBase.MySql.GameDbServiceActor - GameDbServiceActor.poststop() - name(gamedb1)
2023-06-13 00:04:42,189 [akka.actor.database-dispatcher_1] INFO  GameServer.DataBase.MySql.GameDbServiceActor - GameDbServiceActor.poststop() - name(gamedb0)
2023-06-13 00:04:42,189 [akka.actor.database-dispatcher_2] INFO  GameServer.DataBase.MySql.GameDbServiceActor - GameDbServiceActor.poststop() - name(gamedb3)
2023-06-13 00:04:42,197 [akka.actor.database-dispatcher_4] INFO  GameServer.DataBase.MySql.GameDbServiceActor - GameDbServiceActor.poststop() - name(gamedb2)
2023-06-13 00:04:42,197 [akka.actor.database-dispatcher_3] INFO  GameServer.DataBase.MySql.GameDbServiceActor - GameDbServiceActor.poststop() - name(gamedb4)
2023-06-13 00:04:42,198 [50] INFO  GameServer.Socket.ListenerActor - PostStop ListenerActor
2023-06-13 00:05:26,389 [akka.actor.database-dispatcher_1] INFO  GameServer.DataBase.Redis.RedisServiceCordiatorActor - RedisServiceCordiatorActor poolCount:(5)
2023-06-13 00:05:26,389 [akka.actor.database-dispatcher_3] INFO  GameServer.DataBase.MySql.DbServiceCordiatorActor - DbServiceCordiatorActor poolCount:(5)
2023-06-13 00:05:26,389 [1] INFO  GameServer.Program - Port:8081 Server Doing. "exit" is exit
2023-06-13 00:05:28,978 [35] INFO  GameServer.Socket.ListenerActor - PostStop ListenerActor
2023-06-13 00:05:28,978 [akka.actor.database-dispatcher_4] INFO  GameServer.DataBase.MySql.GameDbServiceActor - GameDbServiceActor.poststop() - name(gamedb3)
2023-06-13 00:05:28,978 [akka.actor.database-dispatcher_1] INFO  GameServer.DataBase.MySql.GameDbServiceActor - GameDbServiceActor.poststop() - name(gamedb0)
2023-06-13 00:05:28,978 [akka.actor.database-dispatcher_3] INFO  GameServer.DataBase.MySql.GameDbServiceActor - GameDbServiceActor.poststop() - name(gamedb1)
2023-06-13 00:05:28,978 [akka.actor.database-dispatcher_2] INFO  GameServer.DataBase.MySql.GameDbServiceActor - GameDbServiceActor.poststop() - name(gamedb4)
2023-06-13 00:05:28,978 [akka.actor.database-dispatcher_4] INFO  GameServer.DataBase.MySql.GameDbServiceActor - GameDbServiceActor.poststop() - name(gamedb2)
2023-06-13 00:05:33,069 [akka.actor.database-dispatcher_3] INFO  GameServer.DataBase.MySql.DbServiceCordiatorActor - DbServiceCordiatorActor poolCount:(5)
2023-06-13 00:05:33,069 [akka.actor.database-dispatcher_1] INFO  GameServer.DataBase.Redis.RedisServiceCordiatorActor - RedisServiceCordiatorActor poolCount:(5)
2023-06-13 00:05:33,069 [1] INFO  GameServer.Program - Port:8081 Server Doing. "exit" is exit
2023-06-13 00:05:35,144 [akka.actor.database-dispatcher_2] INFO  GameServer.DataBase.MySql.GameDbServiceActor - GameDbServiceActor.poststop() - name(gamedb2)
2023-06-13 00:05:35,144 [akka.actor.database-dispatcher_1] INFO  GameServer.DataBase.MySql.GameDbServiceActor - GameDbServiceActor.poststop() - name(gamedb4)
2023-06-13 00:05:35,149 [11] INFO  GameServer.Socket.ListenerActor - PostStop ListenerActor
2023-06-13 00:05:35,149 [akka.actor.database-dispatcher_1] INFO  GameServer.DataBase.MySql.GameDbServiceActor - GameDbServiceActor.poststop() - name(gamedb1)
2023-06-13 00:05:35,149 [akka.actor.database-dispatcher_4] INFO  GameServer.DataBase.MySql.GameDbServiceActor - GameDbServiceActor.poststop() - name(gamedb3)
2023-06-13 00:05:35,149 [akka.actor.database-dispatcher_3] INFO  GameServer.DataBase.MySql.GameDbServiceActor - GameDbServiceActor.poststop() - name(gamedb0)
2023-06-13 00:05:38,672 [akka.actor.database-dispatcher_3] INFO  GameServer.DataBase.MySql.DbServiceCordiatorActor - DbServiceCordiatorActor poolCount:(5)
2023-06-13 00:05:38,672 [akka.actor.database-dispatcher_1] INFO  GameServer.DataBase.Redis.RedisServiceCordiatorActor - RedisServiceCordiatorActor poolCount:(5)
2023-06-13 00:05:38,672 [1] INFO  GameServer.Program - Port:8081 Server Doing. "exit" is exit
2023-06-13 00:05:39,860 [akka.actor.database-dispatcher_2] INFO  GameServer.DataBase.MySql.GameDbServiceActor - GameDbServiceActor.poststop() - name(gamedb4)
2023-06-13 00:05:39,860 [akka.actor.database-dispatcher_1] INFO  GameServer.DataBase.MySql.GameDbServiceActor - GameDbServiceActor.poststop() - name(gamedb2)
2023-06-13 00:05:39,866 [akka.actor.database-dispatcher_3] INFO  GameServer.DataBase.MySql.GameDbServiceActor - GameDbServiceActor.poststop() - name(gamedb0)
2023-06-13 00:05:39,866 [akka.actor.database-dispatcher_2] INFO  GameServer.DataBase.MySql.GameDbServiceActor - GameDbServiceActor.poststop() - name(gamedb1)
2023-06-13 00:05:39,866 [51] INFO  GameServer.Socket.ListenerActor - PostStop ListenerActor
2023-06-13 00:05:39,866 [akka.actor.database-dispatcher_1] INFO  GameServer.DataBase.MySql.GameDbServiceActor - GameDbServiceActor.poststop() - name(gamedb3)
2023-06-13 00:07:05,003 [akka.actor.database-dispatcher_1] INFO  GameServer.DataBase.MySql.DbServiceCordiatorActor - DbServiceCordiatorActor poolCount:(5)
2023-06-13 00:07:05,003 [1] INFO  GameServer.Program - Port:8081 Server Doing. "exit" is exit
2023-06-13 00:07:05,003 [4] INFO  GameServer.Socket.ListenerActor - Listening on 0.0.0.0:8081
2023-06-13 00:07:05,003 [akka.actor.database-dispatcher_2] INFO  GameServer.DataBase.Redis.RedisServiceCordiatorActor - RedisServiceCordiatorActor poolCount:(5)
2023-06-13 00:07:07,875 [akka.actor.database-dispatcher_3] INFO  GameServer.DataBase.MySql.GameDbServiceActor - GameDbServiceActor.poststop() - name(gamedb3)
2023-06-13 00:07:07,877 [akka.actor.database-dispatcher_1] INFO  GameServer.DataBase.MySql.GameDbServiceActor - GameDbServiceActor.poststop() - name(gamedb0)
2023-06-13 00:07:07,882 [akka.actor.database-dispatcher_3] INFO  GameServer.DataBase.MySql.GameDbServiceActor - GameDbServiceActor.poststop() - name(gamedb2)
2023-06-13 00:07:07,882 [50] INFO  GameServer.Socket.ListenerActor - PostStop ListenerActor
2023-06-13 00:07:07,882 [akka.actor.database-dispatcher_4] INFO  GameServer.DataBase.MySql.GameDbServiceActor - GameDbServiceActor.poststop() - name(gamedb4)
2023-06-13 00:07:07,882 [akka.actor.database-dispatcher_1] INFO  GameServer.DataBase.MySql.GameDbServiceActor - GameDbServiceActor.poststop() - name(gamedb1)
2023-06-13 00:08:14,843 [1] INFO  GameServer.Program - Port:8081 Server Doing. "exit" is exit
2023-06-13 00:08:14,843 [9] INFO  GameServer.Socket.ListenerActor - Listening on 0.0.0.0:8081
2023-06-13 00:08:14,843 [akka.actor.database-dispatcher_1] INFO  GameServer.DataBase.MySql.DbServiceCordiatorActor - DbServiceCordiatorActor poolCount:(5)
2023-06-13 00:08:14,843 [akka.actor.database-dispatcher_2] INFO  GameServer.DataBase.Redis.RedisServiceCordiatorActor - RedisServiceCordiatorActor poolCount:(5)
2023-06-13 00:08:18,626 [akka.actor.database-dispatcher_3] INFO  GameServer.DataBase.MySql.GameDbServiceActor - GameDbServiceActor.poststop() - name(gamedb4)
2023-06-13 00:08:18,626 [akka.actor.database-dispatcher_1] INFO  GameServer.DataBase.MySql.GameDbServiceActor - GameDbServiceActor.poststop() - name(gamedb1)
2023-06-13 00:08:18,635 [akka.actor.database-dispatcher_3] INFO  GameServer.DataBase.MySql.GameDbServiceActor - GameDbServiceActor.poststop() - name(gamedb2)
2023-06-13 00:08:18,635 [akka.actor.database-dispatcher_1] INFO  GameServer.DataBase.MySql.GameDbServiceActor - GameDbServiceActor.poststop() - name(gamedb0)
2023-06-13 00:08:18,635 [akka.actor.database-dispatcher_2] INFO  GameServer.DataBase.MySql.GameDbServiceActor - GameDbServiceActor.poststop() - name(gamedb3)
2023-06-13 00:08:18,635 [50] INFO  GameServer.Socket.ListenerActor - PostStop ListenerActor
2023-06-13 00:08:21,811 [akka.actor.database-dispatcher_1] INFO  GameServer.DataBase.MySql.DbServiceCordiatorActor - DbServiceCordiatorActor poolCount:(5)
2023-06-13 00:08:21,811 [10] INFO  GameServer.Socket.ListenerActor - Listening on 0.0.0.0:8081
2023-06-13 00:08:21,811 [1] INFO  GameServer.Program - Port:8081 Server Doing. "exit" is exit
2023-06-13 00:08:21,811 [akka.actor.database-dispatcher_2] INFO  GameServer.DataBase.Redis.RedisServiceCordiatorActor - RedisServiceCordiatorActor poolCount:(5)
2023-06-13 00:08:24,256 [akka.actor.database-dispatcher_3] INFO  GameServer.DataBase.MySql.GameDbServiceActor - GameDbServiceActor.poststop() - name(gamedb4)
2023-06-13 00:08:24,256 [akka.actor.database-dispatcher_2] INFO  GameServer.DataBase.MySql.GameDbServiceActor - GameDbServiceActor.poststop() - name(gamedb2)
2023-06-13 00:08:24,262 [10] INFO  GameServer.Socket.ListenerActor - PostStop ListenerActor
2023-06-13 00:08:24,266 [akka.actor.database-dispatcher_2] INFO  GameServer.DataBase.MySql.GameDbServiceActor - GameDbServiceActor.poststop() - name(gamedb1)
2023-06-13 00:08:24,266 [akka.actor.database-dispatcher_2] INFO  GameServer.DataBase.MySql.GameDbServiceActor - GameDbServiceActor.poststop() - name(gamedb0)
2023-06-13 00:08:24,266 [akka.actor.database-dispatcher_3] INFO  GameServer.DataBase.MySql.GameDbServiceActor - GameDbServiceActor.poststop() - name(gamedb3)
2023-06-13 00:08:27,294 [akka.actor.database-dispatcher_3] INFO  GameServer.DataBase.MySql.DbServiceCordiatorActor - DbServiceCordiatorActor poolCount:(5)
2023-06-13 00:08:27,294 [1] INFO  GameServer.Program - Port:8081 Server Doing. "exit" is exit
2023-06-13 00:08:27,294 [9] INFO  GameServer.Socket.ListenerActor - Listening on 0.0.0.0:8081
2023-06-13 00:08:27,294 [akka.actor.database-dispatcher_1] INFO  GameServer.DataBase.Redis.RedisServiceCordiatorActor - RedisServiceCordiatorActor poolCount:(5)
2023-06-13 00:08:30,187 [akka.actor.database-dispatcher_2] INFO  GameServer.DataBase.MySql.GameDbServiceActor - GameDbServiceActor.poststop() - name(gamedb4)
2023-06-13 00:08:30,187 [akka.actor.database-dispatcher_4] INFO  GameServer.DataBase.MySql.GameDbServiceActor - GameDbServiceActor.poststop() - name(gamedb2)
2023-06-13 00:08:30,187 [akka.actor.database-dispatcher_3] INFO  GameServer.DataBase.MySql.GameDbServiceActor - GameDbServiceActor.poststop() - name(gamedb1)
2023-06-13 00:08:30,187 [akka.actor.database-dispatcher_1] INFO  GameServer.DataBase.MySql.GameDbServiceActor - GameDbServiceActor.poststop() - name(gamedb0)
2023-06-13 00:08:30,189 [51] INFO  GameServer.Socket.ListenerActor - PostStop ListenerActor
2023-06-13 00:08:30,189 [akka.actor.database-dispatcher_2] INFO  GameServer.DataBase.MySql.GameDbServiceActor - GameDbServiceActor.poststop() - name(gamedb3)
2023-06-13 00:08:49,198 [akka.actor.database-dispatcher_2] INFO  GameServer.DataBase.Redis.RedisServiceCordiatorActor - RedisServiceCordiatorActor poolCount:(5)
2023-06-13 00:08:49,198 [9] INFO  GameServer.Socket.ListenerActor - Listening on 0.0.0.0:8081
2023-06-13 00:08:49,198 [1] INFO  GameServer.Program - Port:8081 Server Doing. "exit" is exit
2023-06-13 00:08:49,198 [akka.actor.database-dispatcher_1] INFO  GameServer.DataBase.MySql.DbServiceCordiatorActor - DbServiceCordiatorActor poolCount:(5)
2023-06-13 00:08:57,535 [akka.actor.database-dispatcher_3] INFO  GameServer.DataBase.MySql.GameDbServiceActor - GameDbServiceActor.poststop() - name(gamedb1)
2023-06-13 00:08:57,537 [akka.actor.database-dispatcher_2] INFO  GameServer.DataBase.MySql.GameDbServiceActor - GameDbServiceActor.poststop() - name(gamedb2)
2023-06-13 00:08:57,544 [akka.actor.database-dispatcher_1] INFO  GameServer.DataBase.MySql.GameDbServiceActor - GameDbServiceActor.poststop() - name(gamedb0)
2023-06-13 00:08:57,544 [akka.actor.database-dispatcher_2] INFO  GameServer.DataBase.MySql.GameDbServiceActor - GameDbServiceActor.poststop() - name(gamedb3)
2023-06-13 00:08:57,544 [akka.actor.database-dispatcher_4] INFO  GameServer.DataBase.MySql.GameDbServiceActor - GameDbServiceActor.poststop() - name(gamedb4)
2023-06-13 00:08:57,544 [50] INFO  GameServer.Socket.ListenerActor - PostStop ListenerActor
2023-06-13 00:09:20,473 [akka.actor.database-dispatcher_2] INFO  GameServer.DataBase.Redis.RedisServiceCordiatorActor - RedisServiceCordiatorActor poolCount:(5)
2023-06-13 00:09:20,473 [1] INFO  GameServer.Program - Port:8081 Server Doing. "exit" is exit
2023-06-13 00:09:20,473 [akka.actor.database-dispatcher_1] INFO  GameServer.DataBase.MySql.DbServiceCordiatorActor - DbServiceCordiatorActor poolCount:(5)
2023-06-13 00:09:20,473 [9] INFO  GameServer.Socket.ListenerActor - Listening on 0.0.0.0:8081
2023-06-13 00:09:30,930 [36] INFO  GameServer.Socket.ListenerActor - PostStop ListenerActor
2023-06-13 00:09:30,930 [akka.actor.database-dispatcher_1] INFO  GameServer.DataBase.MySql.GameDbServiceActor - GameDbServiceActor.poststop() - name(gamedb2)
2023-06-13 00:09:30,930 [akka.actor.database-dispatcher_3] INFO  GameServer.DataBase.MySql.GameDbServiceActor - GameDbServiceActor.poststop() - name(gamedb3)
2023-06-13 00:09:30,930 [akka.actor.database-dispatcher_4] INFO  GameServer.DataBase.MySql.GameDbServiceActor - GameDbServiceActor.poststop() - name(gamedb0)
2023-06-13 00:09:30,930 [akka.actor.database-dispatcher_2] INFO  GameServer.DataBase.MySql.GameDbServiceActor - GameDbServiceActor.poststop() - name(gamedb4)
2023-06-13 00:09:30,931 [akka.actor.database-dispatcher_1] INFO  GameServer.DataBase.MySql.GameDbServiceActor - GameDbServiceActor.poststop() - name(gamedb1)
2023-06-13 00:18:09,463 [1] INFO  GameServer.Program - Port:8081 Server Doing. "exit" is exit
2023-06-13 00:18:09,463 [akka.actor.database-dispatcher_1] INFO  GameServer.DataBase.MySql.DbServiceCordiatorActor - DbServiceCordiatorActor poolCount:(5)
2023-06-13 00:18:09,463 [akka.actor.database-dispatcher_2] INFO  GameServer.DataBase.Redis.RedisServiceCordiatorActor - RedisServiceCordiatorActor poolCount:(5)
2023-06-13 00:18:09,463 [35] INFO  GameServer.Socket.ListenerActor - Listening on 0.0.0.0:8081
2023-06-13 00:18:16,241 [akka.actor.database-dispatcher_3] INFO  GameServer.DataBase.MySql.DbServiceCordiatorActor - DbServiceCordiatorActor poolCount:(5)
2023-06-13 00:18:16,241 [1] INFO  GameServer.Program - Port:8081 Server Doing. "exit" is exit
2023-06-13 00:18:16,241 [akka.actor.database-dispatcher_1] INFO  GameServer.DataBase.Redis.RedisServiceCordiatorActor - RedisServiceCordiatorActor poolCount:(5)
2023-06-13 00:18:16,241 [9] INFO  GameServer.Socket.ListenerActor - Listening on 0.0.0.0:8081
2023-06-13 00:18:17,783 [9] INFO  GameServer.Socket.ListenerActor - PostStop ListenerActor
2023-06-13 00:18:17,800 [akka.actor.database-dispatcher_2] INFO  GameServer.DataBase.MySql.GameDbServiceActor - GameDbServiceActor.poststop() - name(gamedb3)
2023-06-13 00:18:17,800 [akka.actor.database-dispatcher_4] INFO  GameServer.DataBase.MySql.GameDbServiceActor - GameDbServiceActor.poststop() - name(gamedb4)
2023-06-13 00:18:17,800 [akka.actor.database-dispatcher_1] INFO  GameServer.DataBase.MySql.GameDbServiceActor - GameDbServiceActor.poststop() - name(gamedb1)
2023-06-13 00:18:17,800 [akka.actor.database-dispatcher_3] INFO  GameServer.DataBase.MySql.GameDbServiceActor - GameDbServiceActor.poststop() - name(gamedb0)
2023-06-13 00:18:17,800 [akka.actor.database-dispatcher_2] INFO  GameServer.DataBase.MySql.GameDbServiceActor - GameDbServiceActor.poststop() - name(gamedb2)
2023-06-13 00:18:37,312 [akka.actor.database-dispatcher_4] INFO  GameServer.DataBase.Redis.RedisServiceCordiatorActor - RedisServiceCordiatorActor poolCount:(5)
2023-06-13 00:18:37,312 [1] INFO  GameServer.Program - Port:8081 Server Doing. "exit" is exit
2023-06-13 00:18:37,312 [akka.actor.database-dispatcher_1] INFO  GameServer.DataBase.MySql.DbServiceCordiatorActor - DbServiceCordiatorActor poolCount:(5)
2023-06-13 00:18:37,312 [10] INFO  GameServer.Socket.ListenerActor - Listening on 0.0.0.0:8081
2023-06-13 00:19:02,316 [akka.actor.database-dispatcher_1] INFO  GameServer.DataBase.Redis.RedisServiceCordiatorActor - RedisServiceCordiatorActor poolCount:(5)
2023-06-13 00:19:02,316 [akka.actor.database-dispatcher_3] INFO  GameServer.DataBase.MySql.DbServiceCordiatorActor - DbServiceCordiatorActor poolCount:(5)
2023-06-13 00:19:02,316 [4] INFO  GameServer.Socket.ListenerActor - Listening on 0.0.0.0:8081
2023-06-13 00:19:02,316 [1] INFO  GameServer.Program - Port:8081 Server Doing. "exit" is exit
2023-06-13 00:19:05,951 [35] INFO  GameServer.Socket.ListenerActor - PostStop ListenerActor
2023-06-13 00:19:10,966 [akka.actor.database-dispatcher_3] INFO  GameServer.DataBase.MySql.GameDbServiceActor - GameDbServiceActor.poststop() - name(gamedb3)
2023-06-13 00:19:10,966 [akka.actor.database-dispatcher_2] INFO  GameServer.DataBase.MySql.GameDbServiceActor - GameDbServiceActor.poststop() - name(gamedb1)
2023-06-13 00:19:10,966 [akka.actor.database-dispatcher_1] INFO  GameServer.DataBase.MySql.GameDbServiceActor - GameDbServiceActor.poststop() - name(gamedb2)
2023-06-13 00:19:10,966 [akka.actor.database-dispatcher_4] INFO  GameServer.DataBase.MySql.GameDbServiceActor - GameDbServiceActor.poststop() - name(gamedb0)
2023-06-13 00:19:10,966 [akka.actor.database-dispatcher_3] INFO  GameServer.DataBase.MySql.GameDbServiceActor - GameDbServiceActor.poststop() - name(gamedb4)
2023-06-13 00:19:34,080 [akka.actor.database-dispatcher_4] INFO  GameServer.DataBase.Redis.RedisServiceCordiatorActor - RedisServiceCordiatorActor poolCount:(5)
2023-06-13 00:19:34,080 [1] INFO  GameServer.Program - Port:8081 Server Doing. "exit" is exit
2023-06-13 00:19:34,080 [akka.actor.database-dispatcher_3] INFO  GameServer.DataBase.MySql.DbServiceCordiatorActor - DbServiceCordiatorActor poolCount:(5)
2023-06-13 00:19:34,080 [9] INFO  GameServer.Socket.ListenerActor - Listening on 0.0.0.0:8081
2023-06-13 00:19:35,951 [6] INFO  GameServer.Socket.ListenerActor - PostStop ListenerActor
2023-06-13 00:19:40,975 [akka.actor.database-dispatcher_2] INFO  GameServer.DataBase.MySql.GameDbServiceActor - GameDbServiceActor.poststop() - name(gamedb4)
2023-06-13 00:19:40,975 [akka.actor.database-dispatcher_1] INFO  GameServer.DataBase.MySql.GameDbServiceActor - GameDbServiceActor.poststop() - name(gamedb2)
2023-06-13 00:19:40,975 [akka.actor.database-dispatcher_3] INFO  GameServer.DataBase.MySql.GameDbServiceActor - GameDbServiceActor.poststop() - name(gamedb3)
2023-06-13 00:19:40,975 [akka.actor.database-dispatcher_4] INFO  GameServer.DataBase.MySql.GameDbServiceActor - GameDbServiceActor.poststop() - name(gamedb0)
2023-06-13 00:19:40,975 [akka.actor.database-dispatcher_2] INFO  GameServer.DataBase.MySql.GameDbServiceActor - GameDbServiceActor.poststop() - name(gamedb1)
2023-06-13 00:20:05,505 [akka.actor.database-dispatcher_1] INFO  GameServer.DataBase.Redis.RedisServiceCordiatorActor - RedisServiceCordiatorActor poolCount:(5)
2023-06-13 00:20:05,505 [1] INFO  GameServer.Program - Port:8081 Server Doing. "exit" is exit
2023-06-13 00:20:05,505 [akka.actor.database-dispatcher_3] INFO  GameServer.DataBase.MySql.DbServiceCordiatorActor - DbServiceCordiatorActor poolCount:(5)
2023-06-13 00:20:05,505 [35] INFO  GameServer.Socket.ListenerActor - Listening on 0.0.0.0:8081
2023-06-13 00:20:11,512 [akka.actor.database-dispatcher_4] INFO  GameServer.DataBase.MySql.GameDbServiceActor - GameDbServiceActor.poststop() - name(gamedb3)
2023-06-13 00:20:11,513 [akka.actor.database-dispatcher_3] INFO  GameServer.DataBase.MySql.GameDbServiceActor - GameDbServiceActor.poststop() - name(gamedb0)
2023-06-13 00:20:11,513 [akka.actor.database-dispatcher_2] INFO  GameServer.DataBase.MySql.GameDbServiceActor - GameDbServiceActor.poststop() - name(gamedb1)
2023-06-13 00:20:11,513 [akka.actor.database-dispatcher_1] INFO  GameServer.DataBase.MySql.GameDbServiceActor - GameDbServiceActor.poststop() - name(gamedb2)
2023-06-13 00:20:11,519 [35] INFO  GameServer.Socket.ListenerActor - PostStop ListenerActor
2023-06-13 00:20:11,519 [akka.actor.database-dispatcher_3] INFO  GameServer.DataBase.MySql.GameDbServiceActor - GameDbServiceActor.poststop() - name(gamedb4)
2023-06-13 00:21:47,151 [akka.actor.database-dispatcher_2] INFO  GameServer.DataBase.Redis.RedisServiceCordiatorActor - RedisServiceCordiatorActor poolCount:(5)
2023-06-13 00:21:47,151 [9] INFO  GameServer.Socket.ListenerActor - Listening on 0.0.0.0:8081
2023-06-13 00:21:47,151 [1] INFO  GameServer.Program - Port:8081 Server Doing. "exit" is exit
2023-06-13 00:21:47,151 [akka.actor.database-dispatcher_1] INFO  GameServer.DataBase.MySql.DbServiceCordiatorActor - DbServiceCordiatorActor poolCount:(5)
2023-06-13 00:21:48,390 [51] INFO  GameServer.Socket.ListenerActor - PostStop ListenerActor
2023-06-13 00:21:48,397 [akka.actor.database-dispatcher_2] INFO  GameServer.DataBase.MySql.GameDbServiceActor - GameDbServiceActor.poststop() - name(gamedb2)
2023-06-13 00:21:48,397 [akka.actor.database-dispatcher_1] INFO  GameServer.DataBase.MySql.GameDbServiceActor - GameDbServiceActor.poststop() - name(gamedb0)
2023-06-13 00:21:48,397 [akka.actor.database-dispatcher_3] INFO  GameServer.DataBase.MySql.GameDbServiceActor - GameDbServiceActor.poststop() - name(gamedb4)
2023-06-13 00:21:48,397 [akka.actor.database-dispatcher_4] INFO  GameServer.DataBase.MySql.GameDbServiceActor - GameDbServiceActor.poststop() - name(gamedb3)
2023-06-13 00:21:48,397 [akka.actor.database-dispatcher_2] INFO  GameServer.DataBase.MySql.GameDbServiceActor - GameDbServiceActor.poststop() - name(gamedb1)
2023-06-13 00:23:51,953 [9] INFO  GameServer.Socket.ListenerActor - Listening on 0.0.0.0:8081
2023-06-13 00:23:51,953 [akka.actor.database-dispatcher_1] INFO  GameServer.DataBase.MySql.DbServiceCordiatorActor - DbServiceCordiatorActor poolCount:(5)
2023-06-13 00:23:51,953 [1] INFO  GameServer.Program - Port:8081 Server Doing. "exit" is exit
2023-06-13 00:23:51,953 [akka.actor.database-dispatcher_2] INFO  GameServer.DataBase.Redis.RedisServiceCordiatorActor - RedisServiceCordiatorActor poolCount:(5)
2023-06-13 00:23:56,580 [50] INFO  GameServer.Socket.ListenerActor - PostStop ListenerActor
2023-06-13 00:23:56,585 [akka.actor.database-dispatcher_3] INFO  GameServer.DataBase.MySql.GameDbServiceActor - GameDbServiceActor.poststop() - name(gamedb2)
2023-06-13 00:23:56,585 [akka.actor.database-dispatcher_2] INFO  GameServer.DataBase.MySql.GameDbServiceActor - GameDbServiceActor.poststop() - name(gamedb1)
2023-06-13 00:23:56,586 [akka.actor.database-dispatcher_3] INFO  GameServer.DataBase.MySql.GameDbServiceActor - GameDbServiceActor.poststop() - name(gamedb4)
2023-06-13 00:23:56,585 [akka.actor.database-dispatcher_1] INFO  GameServer.DataBase.MySql.GameDbServiceActor - GameDbServiceActor.poststop() - name(gamedb3)
2023-06-13 00:23:56,585 [akka.actor.database-dispatcher_4] INFO  GameServer.DataBase.MySql.GameDbServiceActor - GameDbServiceActor.poststop() - name(gamedb0)
