2023-06-12 21:14:48,882 [akka.actor.database-dispatcher_4] INFO  GameServer.DataBase.Redis.RedisServiceCordiatorActor - RedisServiceCordiatorActor poolCount:(1)
2023-06-12 21:14:48,882 [36] INFO  GameServer.Socket.ListenerActor - Listening on 0.0.0.0:8081
2023-06-12 21:14:48,882 [1] INFO  GameServer.Program - Port:8081 Server Doing. "exit" is exit
2023-06-12 21:14:48,882 [akka.actor.database-dispatcher_3] INFO  GameServer.DataBase.MySql.DbServiceCordiatorActor - DbServiceCordiatorActor poolCount:(5)
2023-06-12 21:14:50,935 [36] DEBUG GameServer.World.UserInfo.UserCordiatorActor - OnRecvAddUser RemoteAddress:192.168.0.119:7511, SessionRef:[akka://GameServer/user/listener/sessioncordiator/$a#817018535]
2023-06-12 21:14:50,939 [6] DEBUG GameServer.World.UserInfo.UserActor - OnRecvDbLink - [akka://GameServer/user/dbcordiator/gamedb0#535728238]
2023-06-12 21:14:50,940 [6] DEBUG GameServer.World.UserInfo.UserActor - OnRecvRedisLink - [akka://GameServer/user/rediscordiator/redis0#1561312066]
2023-06-12 21:14:50,994 [6] INFO  GameServer.World.UserInfo.UserActor - Tell - message(ConnectedResponse) data({"MessageSize":0,"ConnectedResponse":{"Index":0},"ServerEnterRequest":null,"ServerEnterResponse":null,"MapEnterRequest":null,"MapEnterResponse":null,"SayRequest":null,"SayResponse":null,"PayloadCase":11})
2023-06-12 21:14:51,077 [6] INFO  GameServer.World.UserInfo.UserActor - OnRecvPacket - message(ServerEnterRequest) data({"MessageSize":0,"ConnectedResponse":null,"ServerEnterRequest":{"SessionKey":"1234567"},"ServerEnterResponse":null,"MapEnterRequest":null,"MapEnterResponse":null,"SayRequest":null,"SayResponse":null,"PayloadCase":12})
2023-06-12 21:14:51,080 [akka.actor.database-dispatcher_1] DEBUG GameServer.DataBase.Redis.RedisServiceActor - vals = user_uid:: 1001
2023-06-12 21:14:51,080 [akka.actor.database-dispatcher_1] DEBUG GameServer.DataBase.Redis.RedisServiceActor - vals = user_id:: test
2023-06-12 21:14:51,080 [akka.actor.database-dispatcher_1] DEBUG GameServer.DataBase.Redis.RedisServiceActor - vals = update_time:: 2023-06-12 오후 9:14:48
2023-06-12 21:14:51,082 [6] INFO  GameServer.World.UserInfo.UserActor - Tell - message(ServerEnterResponse) data({"MessageSize":0,"ConnectedResponse":null,"ServerEnterRequest":null,"ServerEnterResponse":{"UserUid":1001,"UserId":"test"},"MapEnterRequest":null,"MapEnterResponse":null,"SayRequest":null,"SayResponse":null,"PayloadCase":13})
2023-06-12 21:14:51,181 [6] DEBUG GameServer.World.UserInfo.UserActor - OnRecvSelectReponse 3, 1001
2023-06-12 21:14:51,182 [6] INFO  GameServer.World.UserInfo.UserActor - OnRecvPacket - message(MapEnterRequest) data({"MessageSize":0,"ConnectedResponse":null,"ServerEnterRequest":null,"ServerEnterResponse":null,"MapEnterRequest":{"MapIndex":1001},"MapEnterResponse":null,"SayRequest":null,"SayResponse":null,"PayloadCase":14})
2023-06-12 21:14:53,199 [4] INFO  GameServer.World.UserInfo.UserActor - OnRecvPacket - message(SayRequest) data({"MessageSize":0,"ConnectedResponse":null,"ServerEnterRequest":null,"ServerEnterResponse":null,"MapEnterRequest":null,"MapEnterResponse":null,"SayRequest":{"UserUid":0,"UserId":"test","Message":"123"},"SayResponse":null,"PayloadCase":16})
2023-06-12 21:14:53,200 [4] INFO  GameServer.World.UserInfo.UserActor - BroardcastTell- message(SayResponse) data({"MessageSize":0,"ConnectedResponse":null,"ServerEnterRequest":null,"ServerEnterResponse":null,"MapEnterRequest":null,"MapEnterResponse":null,"SayRequest":null,"SayResponse":{"UserId":"test","Message":"123"},"PayloadCase":17})
2023-06-12 22:25:58,120 [10] INFO  GameServer.Socket.ListenerActor - Listening on 0.0.0.0:8081
2023-06-12 22:25:58,120 [1] INFO  GameServer.Program - Port:8081 Server Doing. "exit" is exit
2023-06-12 22:25:58,120 [akka.actor.database-dispatcher_3] INFO  GameServer.DataBase.Redis.RedisServiceCordiatorActor - RedisServiceCordiatorActor poolCount:(1)
2023-06-12 22:25:58,120 [akka.actor.database-dispatcher_1] INFO  GameServer.DataBase.MySql.DbServiceCordiatorActor - DbServiceCordiatorActor poolCount:(5)
2023-06-12 22:25:59,897 [37] DEBUG GameServer.World.UserInfo.UserCordiatorActor - OnRecvAddUser RemoteAddress:192.168.0.119:1803, SessionRef:[akka://GameServer/user/listener/sessioncordiator/$a#692606494]
2023-06-12 22:25:59,900 [36] DEBUG GameServer.World.UserInfo.UserActor - OnRecvDbLink - [akka://GameServer/user/dbcordiator/gamedb0#2078936162]
2023-06-12 22:25:59,900 [36] DEBUG GameServer.World.UserInfo.UserActor - OnRecvRedisLink - [akka://GameServer/user/rediscordiator/redis0#957036343]
2023-06-12 22:25:59,938 [36] INFO  GameServer.World.UserInfo.UserActor - Tell - message(ConnectedResponse) data({"MessageSize":0,"ConnectedResponse":{"Index":0},"ServerEnterRequest":null,"ServerEnterResponse":null,"MapEnterRequest":null,"MapEnterResponse":null,"SayRequest":null,"SayResponse":null,"PayloadCase":11})
2023-06-12 22:25:59,997 [4] INFO  GameServer.World.UserInfo.UserActor - OnRecvPacket - message(ServerEnterRequest) data({"MessageSize":0,"ConnectedResponse":null,"ServerEnterRequest":{"SessionKey":"1234567"},"ServerEnterResponse":null,"MapEnterRequest":null,"MapEnterResponse":null,"SayRequest":null,"SayResponse":null,"PayloadCase":12})
2023-06-12 22:26:15,830 [4] INFO  GameServer.World.UserInfo.UserActor - Tell - message(ServerEnterResponse) data({"MessageSize":0,"ConnectedResponse":null,"ServerEnterRequest":null,"ServerEnterResponse":{"UserUid":1001,"UserId":"test"},"MapEnterRequest":null,"MapEnterResponse":null,"SayRequest":null,"SayResponse":null,"PayloadCase":13})
2023-06-12 22:26:15,841 [37] INFO  GameServer.World.UserInfo.UserActor - OnRecvPacket - message(MapEnterRequest) data({"MessageSize":0,"ConnectedResponse":null,"ServerEnterRequest":null,"ServerEnterResponse":null,"MapEnterRequest":{"MapIndex":1001},"MapEnterResponse":null,"SayRequest":null,"SayResponse":null,"PayloadCase":14})
2023-06-12 22:26:21,488 [4] INFO  GameServer.World.UserInfo.UserActor - OnRecvPacket - message(SayRequest) data({"MessageSize":0,"ConnectedResponse":null,"ServerEnterRequest":null,"ServerEnterResponse":null,"MapEnterRequest":null,"MapEnterResponse":null,"SayRequest":{"UserUid":0,"UserId":"test","Message":"1213"},"SayResponse":null,"PayloadCase":16})
2023-06-12 22:26:21,489 [4] INFO  GameServer.World.UserInfo.UserActor - BroardcastTell- message(SayResponse) data({"MessageSize":0,"ConnectedResponse":null,"ServerEnterRequest":null,"ServerEnterResponse":null,"MapEnterRequest":null,"MapEnterResponse":null,"SayRequest":null,"SayResponse":{"UserId":"test","Message":"1213"},"PayloadCase":17})
2023-06-12 22:26:23,963 [4] INFO  GameServer.World.UserInfo.UserActor - OnRecvPacket - message(SayRequest) data({"MessageSize":0,"ConnectedResponse":null,"ServerEnterRequest":null,"ServerEnterResponse":null,"MapEnterRequest":null,"MapEnterResponse":null,"SayRequest":{"UserUid":0,"UserId":"test","Message":"가나다라"},"SayResponse":null,"PayloadCase":16})
2023-06-12 22:26:23,964 [4] INFO  GameServer.World.UserInfo.UserActor - BroardcastTell- message(SayResponse) data({"MessageSize":0,"ConnectedResponse":null,"ServerEnterRequest":null,"ServerEnterResponse":null,"MapEnterRequest":null,"MapEnterResponse":null,"SayRequest":null,"SayResponse":{"UserId":"test","Message":"가나다라"},"PayloadCase":17})
2023-06-12 22:46:17,920 [akka.actor.database-dispatcher_1] INFO  GameServer.DataBase.MySql.DbServiceCordiatorActor - DbServiceCordiatorActor poolCount:(5)
2023-06-12 22:46:17,920 [36] INFO  GameServer.Socket.ListenerActor - Listening on 0.0.0.0:8081
2023-06-12 22:46:17,920 [akka.actor.database-dispatcher_2] INFO  GameServer.DataBase.Redis.RedisServiceCordiatorActor - RedisServiceCordiatorActor poolCount:(1)
2023-06-12 22:46:17,920 [1] INFO  GameServer.Program - Port:8081 Server Doing. "exit" is exit
2023-06-12 22:46:20,153 [36] DEBUG GameServer.World.UserInfo.UserCordiatorActor - OnRecvAddUser RemoteAddress:192.168.0.119:4343, SessionRef:[akka://GameServer/user/listener/sessioncordiator/$a#10858104]
2023-06-12 22:46:20,156 [37] DEBUG GameServer.World.UserInfo.UserActor - OnRecvDbLink - [akka://GameServer/user/dbcordiator/gamedb0#1880051351]
2023-06-12 22:46:20,157 [37] DEBUG GameServer.World.UserInfo.UserActor - OnRecvRedisLink - [akka://GameServer/user/rediscordiator/redis0#758151532]
2023-06-12 22:46:20,197 [37] INFO  GameServer.World.UserInfo.UserActor - Tell - message(ConnectedResponse) data({"MessageSize":0,"ConnectedResponse":{"Index":0},"ServerEnterRequest":null,"ServerEnterResponse":null,"MapEnterRequest":null,"MapEnterResponse":null,"SayRequest":null,"SayResponse":null,"PayloadCase":11})
2023-06-12 22:46:20,257 [11] INFO  GameServer.World.UserInfo.UserActor - OnRecvPacket - message(ServerEnterRequest) data({"MessageSize":0,"ConnectedResponse":null,"ServerEnterRequest":{"SessionKey":"1234567"},"ServerEnterResponse":null,"MapEnterRequest":null,"MapEnterResponse":null,"SayRequest":null,"SayResponse":null,"PayloadCase":12})
2023-06-12 22:46:20,262 [11] INFO  GameServer.World.UserInfo.UserActor - Tell - message(ServerEnterResponse) data({"MessageSize":0,"ConnectedResponse":null,"ServerEnterRequest":null,"ServerEnterResponse":{"UserUid":1001,"UserId":"test"},"MapEnterRequest":null,"MapEnterResponse":null,"SayRequest":null,"SayResponse":null,"PayloadCase":13})
2023-06-12 22:46:20,272 [10] INFO  GameServer.World.UserInfo.UserActor - OnRecvPacket - message(MapEnterRequest) data({"MessageSize":0,"ConnectedResponse":null,"ServerEnterRequest":null,"ServerEnterResponse":null,"MapEnterRequest":{"MapIndex":1001},"MapEnterResponse":null,"SayRequest":null,"SayResponse":null,"PayloadCase":14})
2023-06-12 22:46:22,831 [10] INFO  GameServer.World.UserInfo.UserActor - OnRecvPacket - message(SayRequest) data({"MessageSize":0,"ConnectedResponse":null,"ServerEnterRequest":null,"ServerEnterResponse":null,"MapEnterRequest":null,"MapEnterResponse":null,"SayRequest":{"UserUid":0,"UserId":"test","Message":"123"},"SayResponse":null,"PayloadCase":16})
2023-06-12 22:46:22,834 [10] INFO  GameServer.World.UserInfo.UserActor - BroardcastTell- message(SayResponse) data({"MessageSize":0,"ConnectedResponse":null,"ServerEnterRequest":null,"ServerEnterResponse":null,"MapEnterRequest":null,"MapEnterResponse":null,"SayRequest":null,"SayResponse":{"UserId":"test","Message":"123"},"PayloadCase":17})
2023-06-12 22:46:24,727 [10] INFO  GameServer.World.UserInfo.UserActor - OnRecvPacket - message(SayRequest) data({"MessageSize":0,"ConnectedResponse":null,"ServerEnterRequest":null,"ServerEnterResponse":null,"MapEnterRequest":null,"MapEnterResponse":null,"SayRequest":{"UserUid":0,"UserId":"test","Message":"456"},"SayResponse":null,"PayloadCase":16})
2023-06-12 22:46:24,729 [10] INFO  GameServer.World.UserInfo.UserActor - BroardcastTell- message(SayResponse) data({"MessageSize":0,"ConnectedResponse":null,"ServerEnterRequest":null,"ServerEnterResponse":null,"MapEnterRequest":null,"MapEnterResponse":null,"SayRequest":null,"SayResponse":{"UserId":"test","Message":"456"},"PayloadCase":17})
2023-06-12 22:46:27,015 [4] INFO  GameServer.World.UserInfo.UserActor - OnRecvPacket - message(SayRequest) data({"MessageSize":0,"ConnectedResponse":null,"ServerEnterRequest":null,"ServerEnterResponse":null,"MapEnterRequest":null,"MapEnterResponse":null,"SayRequest":{"UserUid":0,"UserId":"test","Message":"가나다람ㅇㄻㄴ"},"SayResponse":null,"PayloadCase":16})
2023-06-12 22:46:27,016 [4] INFO  GameServer.World.UserInfo.UserActor - BroardcastTell- message(SayResponse) data({"MessageSize":0,"ConnectedResponse":null,"ServerEnterRequest":null,"ServerEnterResponse":null,"MapEnterRequest":null,"MapEnterResponse":null,"SayRequest":null,"SayResponse":{"UserId":"test","Message":"가나다람ㅇㄻㄴ"},"PayloadCase":17})
2023-06-12 22:55:09,973 [4] INFO  GameServer.Socket.ListenerActor - Listening on 0.0.0.0:8081
2023-06-12 22:55:09,973 [1] INFO  GameServer.Program - Port:8081 Server Doing. "exit" is exit
2023-06-12 22:55:09,973 [akka.actor.database-dispatcher_3] INFO  GameServer.DataBase.MySql.DbServiceCordiatorActor - DbServiceCordiatorActor poolCount:(5)
2023-06-12 22:55:09,973 [akka.actor.database-dispatcher_4] INFO  GameServer.DataBase.Redis.RedisServiceCordiatorActor - RedisServiceCordiatorActor poolCount:(1)
2023-06-12 22:55:11,715 [10] DEBUG GameServer.World.UserInfo.UserCordiatorActor - OnRecvAddUser RemoteAddress:192.168.0.119:5575, SessionRef:[akka://GameServer/user/listener/sessioncordiator/$a#1782751601]
2023-06-12 22:55:11,719 [4] DEBUG GameServer.World.UserInfo.UserActor - OnRecvDbLink - [akka://GameServer/user/dbcordiator/gamedb0#1683220713]
2023-06-12 22:55:11,720 [4] DEBUG GameServer.World.UserInfo.UserActor - OnRecvRedisLink - [akka://GameServer/user/rediscordiator/redis0#561320894]
2023-06-12 22:55:11,758 [4] INFO  GameServer.World.UserInfo.UserActor - Tell - message(ConnectedResponse) data({"MessageSize":0,"ConnectedResponse":{"Index":0},"ServerEnterRequest":null,"ServerEnterResponse":null,"MapEnterRequest":null,"MapEnterResponse":null,"SayRequest":null,"SayResponse":null,"PayloadCase":11})
2023-06-12 22:55:11,817 [4] INFO  GameServer.World.UserInfo.UserActor - OnRecvPacket - message(ServerEnterRequest) data({"MessageSize":0,"ConnectedResponse":null,"ServerEnterRequest":{"SessionKey":"1234567"},"ServerEnterResponse":null,"MapEnterRequest":null,"MapEnterResponse":null,"SayRequest":null,"SayResponse":null,"PayloadCase":12})
2023-06-12 22:55:17,942 [4] INFO  GameServer.World.UserInfo.UserActor - Tell - message(ServerEnterResponse) data({"MessageSize":0,"ConnectedResponse":null,"ServerEnterRequest":null,"ServerEnterResponse":{"UserUid":1001,"UserId":"test1001"},"MapEnterRequest":null,"MapEnterResponse":null,"SayRequest":null,"SayResponse":null,"PayloadCase":13})
2023-06-12 22:55:17,962 [36] INFO  GameServer.World.UserInfo.UserActor - OnRecvPacket - message(MapEnterRequest) data({"MessageSize":0,"ConnectedResponse":null,"ServerEnterRequest":null,"ServerEnterResponse":null,"MapEnterRequest":{"MapIndex":1001},"MapEnterResponse":null,"SayRequest":null,"SayResponse":null,"PayloadCase":14})
2023-06-12 22:55:20,694 [36] INFO  GameServer.World.UserInfo.UserActor - OnRecvPacket - message(SayRequest) data({"MessageSize":0,"ConnectedResponse":null,"ServerEnterRequest":null,"ServerEnterResponse":null,"MapEnterRequest":null,"MapEnterResponse":null,"SayRequest":{"UserUid":0,"UserId":"test1001","Message":"123123"},"SayResponse":null,"PayloadCase":16})
2023-06-12 22:55:20,695 [36] INFO  GameServer.World.UserInfo.UserActor - BroardcastTell- message(SayResponse) data({"MessageSize":0,"ConnectedResponse":null,"ServerEnterRequest":null,"ServerEnterResponse":null,"MapEnterRequest":null,"MapEnterResponse":null,"SayRequest":null,"SayResponse":{"UserId":"test1001","Message":"123123"},"PayloadCase":17})
2023-06-12 23:14:26,178 [10] INFO  GameServer.Socket.ListenerActor - Listening on 0.0.0.0:8081
2023-06-12 23:14:26,178 [akka.actor.database-dispatcher_3] INFO  GameServer.DataBase.MySql.DbServiceCordiatorActor - DbServiceCordiatorActor poolCount:(5)
2023-06-12 23:14:26,178 [akka.actor.database-dispatcher_4] INFO  GameServer.DataBase.Redis.RedisServiceCordiatorActor - RedisServiceCordiatorActor poolCount:(1)
2023-06-12 23:14:26,178 [1] INFO  GameServer.Program - Port:8081 Server Doing. "exit" is exit
2023-06-12 23:14:28,044 [10] DEBUG GameServer.World.UserInfo.UserCordiatorActor - OnRecvAddUser RemoteAddress:192.168.0.119:8437, SessionRef:[akka://GameServer/user/listener/sessioncordiator/$a#533706915]
2023-06-12 23:14:28,048 [10] DEBUG GameServer.World.UserInfo.UserActor - OnRecvDbLink - [akka://GameServer/user/dbcordiator/gamedb0#437390924]
2023-06-12 23:14:28,049 [10] DEBUG GameServer.World.UserInfo.UserActor - OnRecvRedisLink - [akka://GameServer/user/rediscordiator/redis0#1559290743]
2023-06-12 23:14:28,090 [10] INFO  GameServer.World.UserInfo.UserActor - Client<-Server - message(ConnectedResponse) data({"MessageSize":0,"ConnectedResponse":{"Index":0},"ServerEnterRequest":null,"ServerEnterResponse":null,"MapEnterRequest":null,"MapEnterResponse":null,"SayRequest":null,"SayResponse":null,"PayloadCase":11})
2023-06-12 23:14:28,148 [10] INFO  GameServer.World.UserInfo.UserActor - Client->Server - message(ServerEnterRequest) data({"MessageSize":0,"ConnectedResponse":null,"ServerEnterRequest":{"SessionKey":"1234567"},"ServerEnterResponse":null,"MapEnterRequest":null,"MapEnterResponse":null,"SayRequest":null,"SayResponse":null,"PayloadCase":12})
2023-06-12 23:14:28,161 [10] INFO  GameServer.World.UserInfo.UserActor - Client<-Server - message(ServerEnterResponse) data({"MessageSize":0,"ConnectedResponse":null,"ServerEnterRequest":null,"ServerEnterResponse":{"UserUid":1001,"UserId":"test1001"},"MapEnterRequest":null,"MapEnterResponse":null,"SayRequest":null,"SayResponse":null,"PayloadCase":13})
2023-06-12 23:14:28,172 [36] INFO  GameServer.World.UserInfo.UserActor - Client->Server - message(MapEnterRequest) data({"MessageSize":0,"ConnectedResponse":null,"ServerEnterRequest":null,"ServerEnterResponse":null,"MapEnterRequest":{"MapIndex":1001},"MapEnterResponse":null,"SayRequest":null,"SayResponse":null,"PayloadCase":14})
2023-06-12 23:14:30,002 [11] INFO  GameServer.World.UserInfo.UserActor - Client->Server - message(SayRequest) data({"MessageSize":0,"ConnectedResponse":null,"ServerEnterRequest":null,"ServerEnterResponse":null,"MapEnterRequest":null,"MapEnterResponse":null,"SayRequest":{"UserUid":0,"UserId":"test1001","Message":"123"},"SayResponse":null,"PayloadCase":16})
2023-06-12 23:14:30,004 [11] INFO  GameServer.World.UserInfo.UserActor - BroardcastTell- message(SayResponse) data({"MessageSize":0,"ConnectedResponse":null,"ServerEnterRequest":null,"ServerEnterResponse":null,"MapEnterRequest":null,"MapEnterResponse":null,"SayRequest":null,"SayResponse":{"UserId":"test1001","Message":"123"},"PayloadCase":17})
2023-06-12 23:31:17,249 [36] INFO  GameServer.Socket.ListenerActor - Listening on 0.0.0.0:8081
2023-06-12 23:31:17,249 [akka.actor.database-dispatcher_1] INFO  GameServer.DataBase.MySql.DbServiceCordiatorActor - DbServiceCordiatorActor poolCount:(5)
2023-06-12 23:31:17,249 [akka.actor.database-dispatcher_2] INFO  GameServer.DataBase.Redis.RedisServiceCordiatorActor - RedisServiceCordiatorActor poolCount:(5)
2023-06-12 23:31:17,249 [1] INFO  GameServer.Program - Port:8081 Server Doing. "exit" is exit
2023-06-12 23:31:19,539 [4] DEBUG GameServer.World.UserInfo.UserCordiatorActor - OnRecvAddUser RemoteAddress:192.168.0.119:10885, SessionRef:[akka://GameServer/user/listener/sessioncordiator/$a#114381226]
2023-06-12 23:31:19,543 [36] DEBUG GameServer.World.UserInfo.UserActor - OnRecvDbLink - [akka://GameServer/user/dbcordiator/gamedb0#234324886]
2023-06-12 23:31:19,543 [36] DEBUG GameServer.World.UserInfo.UserActor - OnRecvRedisLink - [akka://GameServer/user/rediscordiator/redis0#1356224705]
2023-06-12 23:31:19,582 [36] INFO  GameServer.World.UserInfo.UserActor - Client<-Server - message(ConnectedResponse) data({"MessageSize":0,"ConnectedResponse":{"Index":0},"ServerEnterRequest":null,"ServerEnterResponse":null,"MapEnterRequest":null,"MapEnterResponse":null,"SayRequest":null,"SayResponse":null,"PayloadCase":11})
2023-06-12 23:31:19,638 [36] INFO  GameServer.World.UserInfo.UserActor - Client->Server - message(ServerEnterRequest) data({"MessageSize":0,"ConnectedResponse":null,"ServerEnterRequest":{"SessionKey":"1234567"},"ServerEnterResponse":null,"MapEnterRequest":null,"MapEnterResponse":null,"SayRequest":null,"SayResponse":null,"PayloadCase":12})
2023-06-12 23:31:19,651 [36] INFO  GameServer.World.UserInfo.UserActor - Client<-Server - message(ServerEnterResponse) data({"MessageSize":0,"ConnectedResponse":null,"ServerEnterRequest":null,"ServerEnterResponse":{"UserUid":1001,"UserId":"test1001"},"MapEnterRequest":null,"MapEnterResponse":null,"SayRequest":null,"SayResponse":null,"PayloadCase":13})
2023-06-12 23:31:19,660 [37] INFO  GameServer.World.UserInfo.UserActor - Client->Server - message(MapEnterRequest) data({"MessageSize":0,"ConnectedResponse":null,"ServerEnterRequest":null,"ServerEnterResponse":null,"MapEnterRequest":{"MapIndex":1001},"MapEnterResponse":null,"SayRequest":null,"SayResponse":null,"PayloadCase":14})
2023-06-12 23:31:25,927 [9] INFO  GameServer.World.UserInfo.UserActor - Client->Server - message(SayRequest) data({"MessageSize":0,"ConnectedResponse":null,"ServerEnterRequest":null,"ServerEnterResponse":null,"MapEnterRequest":null,"MapEnterResponse":null,"SayRequest":{"UserUid":0,"UserId":"test1001","Message":"123456"},"SayResponse":null,"PayloadCase":16})
2023-06-12 23:31:25,928 [9] INFO  GameServer.World.UserInfo.UserActor - Client<-Server - broadcast message(SayResponse) data({"MessageSize":0,"ConnectedResponse":null,"ServerEnterRequest":null,"ServerEnterResponse":null,"MapEnterRequest":null,"MapEnterResponse":null,"SayRequest":null,"SayResponse":{"UserId":"test1001","Message":"123456"},"PayloadCase":17})
2023-06-12 23:31:46,368 [4] INFO  GameServer.World.UserInfo.UserActor - Client->Server - message(SayRequest) data({"MessageSize":0,"ConnectedResponse":null,"ServerEnterRequest":null,"ServerEnterResponse":null,"MapEnterRequest":null,"MapEnterResponse":null,"SayRequest":{"UserUid":0,"UserId":"test1001","Message":"가나다라"},"SayResponse":null,"PayloadCase":16})
2023-06-12 23:31:46,369 [4] INFO  GameServer.World.UserInfo.UserActor - Client<-Server - broadcast message(SayResponse) data({"MessageSize":0,"ConnectedResponse":null,"ServerEnterRequest":null,"ServerEnterResponse":null,"MapEnterRequest":null,"MapEnterResponse":null,"SayRequest":null,"SayResponse":{"UserId":"test1001","Message":"가나다라"},"PayloadCase":17})
2023-06-12 23:53:52,044 [36] INFO  GameServer.Socket.ListenerActor - Listening on 0.0.0.0:8081
2023-06-12 23:53:52,044 [akka.actor.database-dispatcher_4] INFO  GameServer.DataBase.Redis.RedisServiceCordiatorActor - RedisServiceCordiatorActor poolCount:(5)
2023-06-12 23:53:52,044 [1] INFO  GameServer.Program - Port:8081 Server Doing. "exit" is exit
2023-06-12 23:53:52,044 [akka.actor.database-dispatcher_2] INFO  GameServer.DataBase.MySql.DbServiceCordiatorActor - DbServiceCordiatorActor poolCount:(5)
2023-06-12 23:53:54,286 [6] DEBUG GameServer.World.UserInfo.UserCordiatorActor - OnRecvAddUser RemoteAddress:192.168.0.119:13021, SessionRef:[akka://GameServer/user/listener/sessioncordiator/$a#1945876295]
2023-06-12 23:53:54,290 [37] DEBUG GameServer.World.UserInfo.UserActor - OnRecvDbLink - [akka://GameServer/user/dbcordiator/gamedb0#1119104860]
2023-06-12 23:53:54,291 [37] DEBUG GameServer.World.UserInfo.UserActor - OnRecvRedisLink - [akka://GameServer/user/rediscordiator/redis0#93521032]
2023-06-12 23:53:54,331 [37] INFO  GameServer.World.UserInfo.UserActor - Client<-Server - message(ConnectedResponse) data({"MessageSize":0,"ConnectedResponse":{"Index":0},"ServerEnterRequest":null,"ServerEnterResponse":null,"MapEnterRequest":null,"MapEnterResponse":null,"SayRequest":null,"SayResponse":null,"PayloadCase":11})
2023-06-12 23:53:54,393 [6] INFO  GameServer.World.UserInfo.UserActor - Client->Server - message(ServerEnterRequest) data({"MessageSize":0,"ConnectedResponse":null,"ServerEnterRequest":{"SessionKey":"1234567"},"ServerEnterResponse":null,"MapEnterRequest":null,"MapEnterResponse":null,"SayRequest":null,"SayResponse":null,"PayloadCase":12})
2023-06-12 23:53:54,407 [6] INFO  GameServer.World.UserInfo.UserActor - Client<-Server - message(ServerEnterResponse) data({"MessageSize":0,"ConnectedResponse":null,"ServerEnterRequest":null,"ServerEnterResponse":{"UserUid":1001,"UserId":"test1001"},"MapEnterRequest":null,"MapEnterResponse":null,"SayRequest":null,"SayResponse":null,"PayloadCase":13})
2023-06-12 23:53:54,417 [6] INFO  GameServer.World.UserInfo.UserActor - Client->Server - message(MapEnterRequest) data({"MessageSize":0,"ConnectedResponse":null,"ServerEnterRequest":null,"ServerEnterResponse":null,"MapEnterRequest":{"MapIndex":1001},"MapEnterResponse":null,"SayRequest":null,"SayResponse":null,"PayloadCase":14})
2023-06-12 23:53:55,721 [36] DEBUG GameServer.Socket.SessionActor - [akka://GameServer/system/IO-TCP/$a/$a#933259784] closed
2023-06-12 23:54:22,271 [akka.actor.database-dispatcher_3] INFO  GameServer.DataBase.MySql.DbServiceCordiatorActor - DbServiceCordiatorActor poolCount:(5)
2023-06-12 23:54:22,271 [akka.actor.database-dispatcher_4] INFO  GameServer.DataBase.Redis.RedisServiceCordiatorActor - RedisServiceCordiatorActor poolCount:(5)
2023-06-12 23:54:22,271 [1] INFO  GameServer.Program - Port:8081 Server Doing. "exit" is exit
2023-06-12 23:54:22,271 [10] INFO  GameServer.Socket.ListenerActor - Listening on 0.0.0.0:8081
2023-06-12 23:54:24,187 [11] DEBUG GameServer.World.UserInfo.UserCordiatorActor - OnRecvAddUser RemoteAddress:192.168.0.119:13076, SessionRef:[akka://GameServer/user/listener/sessioncordiator/$a#1463240571]
2023-06-12 23:54:24,190 [37] DEBUG GameServer.World.UserInfo.UserActor - OnRecvDbLink - [akka://GameServer/user/dbcordiator/gamedb0#1904556069]
2023-06-12 23:54:24,191 [37] DEBUG GameServer.World.UserInfo.UserActor - OnRecvRedisLink - [akka://GameServer/user/rediscordiator/redis0#878972241]
2023-06-12 23:54:24,229 [37] INFO  GameServer.World.UserInfo.UserActor - Client<-Server - message(ConnectedResponse) data({"MessageSize":0,"ConnectedResponse":{"Index":0},"ServerEnterRequest":null,"ServerEnterResponse":null,"MapEnterRequest":null,"MapEnterResponse":null,"SayRequest":null,"SayResponse":null,"PayloadCase":11})
2023-06-12 23:54:24,293 [11] INFO  GameServer.World.UserInfo.UserActor - Client->Server - message(ServerEnterRequest) data({"MessageSize":0,"ConnectedResponse":null,"ServerEnterRequest":{"SessionKey":"1234567"},"ServerEnterResponse":null,"MapEnterRequest":null,"MapEnterResponse":null,"SayRequest":null,"SayResponse":null,"PayloadCase":12})
2023-06-12 23:54:24,306 [11] INFO  GameServer.World.UserInfo.UserActor - Client<-Server - message(ServerEnterResponse) data({"MessageSize":0,"ConnectedResponse":null,"ServerEnterRequest":null,"ServerEnterResponse":{"UserUid":1001,"UserId":"test1001"},"MapEnterRequest":null,"MapEnterResponse":null,"SayRequest":null,"SayResponse":null,"PayloadCase":13})
2023-06-12 23:54:24,316 [36] INFO  GameServer.World.UserInfo.UserActor - Client->Server - message(MapEnterRequest) data({"MessageSize":0,"ConnectedResponse":null,"ServerEnterRequest":null,"ServerEnterResponse":null,"MapEnterRequest":{"MapIndex":1001},"MapEnterResponse":null,"SayRequest":null,"SayResponse":null,"PayloadCase":14})
2023-06-12 23:54:24,986 [10] DEBUG GameServer.Socket.SessionActor - [akka://GameServer/system/IO-TCP/$a/$a#1921686966] closed
2023-06-12 23:54:35,728 [akka.actor.database-dispatcher_3] INFO  GameServer.DataBase.MySql.GameDbServiceActor - GameDbServiceActor.poststop() - name(gamedb0)
2023-06-12 23:54:35,728 [akka.actor.database-dispatcher_2] INFO  GameServer.DataBase.MySql.GameDbServiceActor - GameDbServiceActor.poststop() - name(gamedb2)
2023-06-12 23:54:35,728 [akka.actor.database-dispatcher_4] INFO  GameServer.DataBase.MySql.GameDbServiceActor - GameDbServiceActor.poststop() - name(gamedb3)
2023-06-12 23:54:35,729 [akka.actor.database-dispatcher_3] INFO  GameServer.DataBase.MySql.GameDbServiceActor - GameDbServiceActor.poststop() - name(gamedb1)
2023-06-12 23:54:35,729 [akka.actor.database-dispatcher_1] INFO  GameServer.DataBase.MySql.GameDbServiceActor - GameDbServiceActor.poststop() - name(gamedb4)
2023-06-12 23:55:04,991 [10] INFO  GameServer.Socket.ListenerActor - Listening on 0.0.0.0:8081
2023-06-12 23:55:04,991 [akka.actor.database-dispatcher_1] INFO  GameServer.DataBase.Redis.RedisServiceCordiatorActor - RedisServiceCordiatorActor poolCount:(5)
2023-06-12 23:55:04,991 [akka.actor.database-dispatcher_3] INFO  GameServer.DataBase.MySql.DbServiceCordiatorActor - DbServiceCordiatorActor poolCount:(5)
2023-06-12 23:55:04,991 [1] INFO  GameServer.Program - Port:8081 Server Doing. "exit" is exit
2023-06-12 23:55:06,795 [37] DEBUG GameServer.World.UserInfo.UserCordiatorActor - OnRecvAddUser RemoteAddress:192.168.0.119:13185, SessionRef:[akka://GameServer/user/listener/sessioncordiator/$a#286445008]
2023-06-12 23:55:06,799 [37] DEBUG GameServer.World.UserInfo.UserActor - OnRecvDbLink - [akka://GameServer/user/dbcordiator/gamedb0#32362256]
2023-06-12 23:55:06,799 [37] DEBUG GameServer.World.UserInfo.UserActor - OnRecvRedisLink - [akka://GameServer/user/rediscordiator/redis0#1057946084]
2023-06-12 23:55:06,839 [37] INFO  GameServer.World.UserInfo.UserActor - Client<-Server - message(ConnectedResponse) data({"MessageSize":0,"ConnectedResponse":{"Index":0},"ServerEnterRequest":null,"ServerEnterResponse":null,"MapEnterRequest":null,"MapEnterResponse":null,"SayRequest":null,"SayResponse":null,"PayloadCase":11})
2023-06-12 23:55:06,898 [37] INFO  GameServer.World.UserInfo.UserActor - Client->Server - message(ServerEnterRequest) data({"MessageSize":0,"ConnectedResponse":null,"ServerEnterRequest":{"SessionKey":"1234567"},"ServerEnterResponse":null,"MapEnterRequest":null,"MapEnterResponse":null,"SayRequest":null,"SayResponse":null,"PayloadCase":12})
2023-06-12 23:55:06,910 [37] INFO  GameServer.World.UserInfo.UserActor - Client<-Server - message(ServerEnterResponse) data({"MessageSize":0,"ConnectedResponse":null,"ServerEnterRequest":null,"ServerEnterResponse":{"UserUid":1001,"UserId":"test1001"},"MapEnterRequest":null,"MapEnterResponse":null,"SayRequest":null,"SayResponse":null,"PayloadCase":13})
2023-06-12 23:55:06,924 [9] INFO  GameServer.World.UserInfo.UserActor - Client->Server - message(MapEnterRequest) data({"MessageSize":0,"ConnectedResponse":null,"ServerEnterRequest":null,"ServerEnterResponse":null,"MapEnterRequest":{"MapIndex":1001},"MapEnterResponse":null,"SayRequest":null,"SayResponse":null,"PayloadCase":14})
2023-06-12 23:55:07,606 [6] DEBUG GameServer.Socket.SessionActor - [akka://GameServer/system/IO-TCP/$a/$a#719061875] closed
2023-06-12 23:55:09,993 [akka.actor.database-dispatcher_3] INFO  GameServer.DataBase.MySql.GameDbServiceActor - GameDbServiceActor.poststop() - name(gamedb3)
2023-06-12 23:55:09,993 [akka.actor.database-dispatcher_4] INFO  GameServer.DataBase.MySql.GameDbServiceActor - GameDbServiceActor.poststop() - name(gamedb2)
2023-06-12 23:55:09,994 [akka.actor.database-dispatcher_3] INFO  GameServer.DataBase.MySql.GameDbServiceActor - GameDbServiceActor.poststop() - name(gamedb0)
2023-06-12 23:55:09,994 [akka.actor.database-dispatcher_2] INFO  GameServer.DataBase.MySql.GameDbServiceActor - GameDbServiceActor.poststop() - name(gamedb1)
2023-06-12 23:55:09,994 [akka.actor.database-dispatcher_4] INFO  GameServer.DataBase.MySql.GameDbServiceActor - GameDbServiceActor.poststop() - name(gamedb4)
2023-06-12 23:57:25,977 [akka.actor.database-dispatcher_4] INFO  GameServer.DataBase.Redis.RedisServiceCordiatorActor - RedisServiceCordiatorActor poolCount:(5)
2023-06-12 23:57:25,977 [10] INFO  GameServer.Socket.ListenerActor - Listening on 0.0.0.0:8081
2023-06-12 23:57:25,977 [akka.actor.database-dispatcher_1] INFO  GameServer.DataBase.MySql.DbServiceCordiatorActor - DbServiceCordiatorActor poolCount:(5)
2023-06-12 23:57:25,978 [1] INFO  GameServer.Program - Port:8081 Server Doing. "exit" is exit
2023-06-12 23:57:27,830 [36] DEBUG GameServer.World.UserInfo.UserCordiatorActor - OnRecvAddUser RemoteAddress:192.168.0.119:13431, SessionRef:[akka://GameServer/user/listener/sessioncordiator/$a#258152343]
2023-06-12 23:57:27,833 [36] DEBUG GameServer.World.UserInfo.UserActor - OnRecvDbLink - [akka://GameServer/user/dbcordiator/gamedb0#221491842]
2023-06-12 23:57:27,834 [36] DEBUG GameServer.World.UserInfo.UserActor - OnRecvRedisLink - [akka://GameServer/user/rediscordiator/redis0#1343391661]
2023-06-12 23:57:27,870 [36] INFO  GameServer.World.UserInfo.UserActor - Client<-Server - message(ConnectedResponse) data({"MessageSize":0,"ConnectedResponse":{"Index":0},"ServerEnterRequest":null,"ServerEnterResponse":null,"MapEnterRequest":null,"MapEnterResponse":null,"SayRequest":null,"SayResponse":null,"PayloadCase":11})
2023-06-12 23:57:27,924 [37] INFO  GameServer.World.UserInfo.UserActor - Client->Server - message(ServerEnterRequest) data({"MessageSize":0,"ConnectedResponse":null,"ServerEnterRequest":{"SessionKey":"1234567"},"ServerEnterResponse":null,"MapEnterRequest":null,"MapEnterResponse":null,"SayRequest":null,"SayResponse":null,"PayloadCase":12})
2023-06-12 23:57:27,936 [37] INFO  GameServer.World.UserInfo.UserActor - Client<-Server - message(ServerEnterResponse) data({"MessageSize":0,"ConnectedResponse":null,"ServerEnterRequest":null,"ServerEnterResponse":{"UserUid":1001,"UserId":"test1001"},"MapEnterRequest":null,"MapEnterResponse":null,"SayRequest":null,"SayResponse":null,"PayloadCase":13})
2023-06-12 23:57:27,946 [37] INFO  GameServer.World.UserInfo.UserActor - Client->Server - message(MapEnterRequest) data({"MessageSize":0,"ConnectedResponse":null,"ServerEnterRequest":null,"ServerEnterResponse":null,"MapEnterRequest":{"MapIndex":1001},"MapEnterResponse":null,"SayRequest":null,"SayResponse":null,"PayloadCase":14})
2023-06-12 23:57:30,011 [akka.actor.database-dispatcher_4] INFO  GameServer.DataBase.MySql.GameDbServiceActor - GameDbServiceActor.poststop() - name(gamedb2)
2023-06-12 23:57:30,011 [akka.actor.database-dispatcher_1] INFO  GameServer.DataBase.MySql.GameDbServiceActor - GameDbServiceActor.poststop() - name(gamedb4)
2023-06-12 23:57:30,011 [akka.actor.database-dispatcher_2] INFO  GameServer.DataBase.MySql.GameDbServiceActor - GameDbServiceActor.poststop() - name(gamedb3)
2023-06-12 23:57:30,019 [akka.actor.database-dispatcher_2] INFO  GameServer.DataBase.MySql.GameDbServiceActor - GameDbServiceActor.poststop() - name(gamedb1)
2023-06-12 23:57:30,019 [akka.actor.database-dispatcher_4] INFO  GameServer.DataBase.MySql.GameDbServiceActor - GameDbServiceActor.poststop() - name(gamedb0)
2023-06-12 23:59:25,529 [akka.actor.database-dispatcher_3] INFO  GameServer.DataBase.MySql.DbServiceCordiatorActor - DbServiceCordiatorActor poolCount:(5)
2023-06-12 23:59:25,529 [1] INFO  GameServer.Program - Port:8081 Server Doing. "exit" is exit
2023-06-12 23:59:25,529 [4] INFO  GameServer.Socket.ListenerActor - Listening on 0.0.0.0:8081
2023-06-12 23:59:25,529 [akka.actor.database-dispatcher_1] INFO  GameServer.DataBase.Redis.RedisServiceCordiatorActor - RedisServiceCordiatorActor poolCount:(5)
2023-06-12 23:59:29,392 [36] DEBUG GameServer.World.UserInfo.UserCordiatorActor - OnRecvAddUser RemoteAddress:192.168.0.119:13592, SessionRef:[akka://GameServer/user/listener/sessioncordiator/$a#1260967654]
2023-06-12 23:59:29,639 [11] DEBUG GameServer.World.UserInfo.UserActor - OnRecvDbLink - [akka://GameServer/user/dbcordiator/gamedb0#1929831183]
2023-06-12 23:59:29,640 [11] DEBUG GameServer.World.UserInfo.UserActor - OnRecvRedisLink - [akka://GameServer/user/rediscordiator/redis0#904247355]
2023-06-12 23:59:29,678 [11] INFO  GameServer.World.UserInfo.UserActor - Client<-Server - message(ConnectedResponse) data({"MessageSize":0,"ConnectedResponse":{"Index":0},"ServerEnterRequest":null,"ServerEnterResponse":null,"MapEnterRequest":null,"MapEnterResponse":null,"SayRequest":null,"SayResponse":null,"PayloadCase":11})
2023-06-12 23:59:29,732 [4] INFO  GameServer.World.UserInfo.UserActor - Client->Server - message(ServerEnterRequest) data({"MessageSize":0,"ConnectedResponse":null,"ServerEnterRequest":{"SessionKey":"1234567"},"ServerEnterResponse":null,"MapEnterRequest":null,"MapEnterResponse":null,"SayRequest":null,"SayResponse":null,"PayloadCase":12})
2023-06-12 23:59:29,744 [4] INFO  GameServer.World.UserInfo.UserActor - Client<-Server - message(ServerEnterResponse) data({"MessageSize":0,"ConnectedResponse":null,"ServerEnterRequest":null,"ServerEnterResponse":{"UserUid":1001,"UserId":"test1001"},"MapEnterRequest":null,"MapEnterResponse":null,"SayRequest":null,"SayResponse":null,"PayloadCase":13})
2023-06-12 23:59:29,754 [4] INFO  GameServer.World.UserInfo.UserActor - Client->Server - message(MapEnterRequest) data({"MessageSize":0,"ConnectedResponse":null,"ServerEnterRequest":null,"ServerEnterResponse":null,"MapEnterRequest":{"MapIndex":1001},"MapEnterResponse":null,"SayRequest":null,"SayResponse":null,"PayloadCase":14})
2023-06-12 23:59:32,542 [11] DEBUG GameServer.Socket.SessionActor - [akka://GameServer/system/IO-TCP/$a/$a#1836563951] closed
2023-06-12 23:59:37,091 [akka.actor.database-dispatcher_2] INFO  GameServer.DataBase.MySql.GameDbServiceActor - GameDbServiceActor.poststop() - name(gamedb2)
2023-06-12 23:59:37,091 [akka.actor.database-dispatcher_1] INFO  GameServer.DataBase.MySql.GameDbServiceActor - GameDbServiceActor.poststop() - name(gamedb3)
2023-06-12 23:59:37,091 [akka.actor.database-dispatcher_2] INFO  GameServer.DataBase.MySql.GameDbServiceActor - GameDbServiceActor.poststop() - name(gamedb0)
2023-06-12 23:59:37,091 [akka.actor.database-dispatcher_4] INFO  GameServer.DataBase.MySql.GameDbServiceActor - GameDbServiceActor.poststop() - name(gamedb4)
2023-06-12 23:59:37,091 [akka.actor.database-dispatcher_3] INFO  GameServer.DataBase.MySql.GameDbServiceActor - GameDbServiceActor.poststop() - name(gamedb1)
2023-06-12 23:59:46,964 [1] INFO  GameServer.Program - Port:8081 Server Doing. "exit" is exit
2023-06-12 23:59:46,964 [5] INFO  GameServer.Socket.ListenerActor - Listening on 0.0.0.0:8081
2023-06-12 23:59:46,964 [akka.actor.database-dispatcher_3] INFO  GameServer.DataBase.MySql.DbServiceCordiatorActor - DbServiceCordiatorActor poolCount:(5)
2023-06-12 23:59:46,964 [akka.actor.database-dispatcher_1] INFO  GameServer.DataBase.Redis.RedisServiceCordiatorActor - RedisServiceCordiatorActor poolCount:(5)
2023-06-12 23:59:49,295 [10] DEBUG GameServer.World.UserInfo.UserCordiatorActor - OnRecvAddUser RemoteAddress:192.168.0.119:13652, SessionRef:[akka://GameServer/user/listener/sessioncordiator/$a#240518615]
2023-06-12 23:59:49,299 [10] DEBUG GameServer.World.UserInfo.UserActor - OnRecvDbLink - [akka://GameServer/user/dbcordiator/gamedb0#926093456]
2023-06-12 23:59:49,300 [10] DEBUG GameServer.World.UserInfo.UserActor - OnRecvRedisLink - [akka://GameServer/user/rediscordiator/redis0#2047993275]
2023-06-12 23:59:49,340 [10] INFO  GameServer.World.UserInfo.UserActor - Client<-Server - message(ConnectedResponse) data({"MessageSize":0,"ConnectedResponse":{"Index":0},"ServerEnterRequest":null,"ServerEnterResponse":null,"MapEnterRequest":null,"MapEnterResponse":null,"SayRequest":null,"SayResponse":null,"PayloadCase":11})
2023-06-12 23:59:49,399 [10] INFO  GameServer.World.UserInfo.UserActor - Client->Server - message(ServerEnterRequest) data({"MessageSize":0,"ConnectedResponse":null,"ServerEnterRequest":{"SessionKey":"1234567"},"ServerEnterResponse":null,"MapEnterRequest":null,"MapEnterResponse":null,"SayRequest":null,"SayResponse":null,"PayloadCase":12})
2023-06-12 23:59:49,425 [10] INFO  GameServer.World.UserInfo.UserActor - Client<-Server - message(ServerEnterResponse) data({"MessageSize":0,"ConnectedResponse":null,"ServerEnterRequest":null,"ServerEnterResponse":{"UserUid":1001,"UserId":"test1001"},"MapEnterRequest":null,"MapEnterResponse":null,"SayRequest":null,"SayResponse":null,"PayloadCase":13})
2023-06-12 23:59:49,438 [37] INFO  GameServer.World.UserInfo.UserActor - Client->Server - message(MapEnterRequest) data({"MessageSize":0,"ConnectedResponse":null,"ServerEnterRequest":null,"ServerEnterResponse":null,"MapEnterRequest":{"MapIndex":1001},"MapEnterResponse":null,"SayRequest":null,"SayResponse":null,"PayloadCase":14})
2023-06-12 23:59:53,053 [37] DEBUG GameServer.Socket.SessionActor - [akka://GameServer/system/IO-TCP/$a/$a#518111298] closed
2023-06-12 23:59:56,153 [akka.actor.database-dispatcher_3] INFO  GameServer.DataBase.MySql.GameDbServiceActor - GameDbServiceActor.poststop() - name(gamedb4)
2023-06-12 23:59:56,153 [akka.actor.database-dispatcher_4] INFO  GameServer.DataBase.MySql.GameDbServiceActor - GameDbServiceActor.poststop() - name(gamedb2)
2023-06-12 23:59:56,153 [akka.actor.database-dispatcher_3] INFO  GameServer.DataBase.MySql.GameDbServiceActor - GameDbServiceActor.poststop() - name(gamedb0)
2023-06-12 23:59:56,153 [akka.actor.database-dispatcher_1] INFO  GameServer.DataBase.MySql.GameDbServiceActor - GameDbServiceActor.poststop() - name(gamedb3)
2023-06-12 23:59:56,153 [akka.actor.database-dispatcher_4] INFO  GameServer.DataBase.MySql.GameDbServiceActor - GameDbServiceActor.poststop() - name(gamedb1)
